{"/home/travis/build/npmtest/node-npmtest-date-utils/test.js":{"path":"/home/travis/build/npmtest/node-npmtest-date-utils/test.js","s":{"1":2,"2":2,"3":2,"4":2,"5":2,"6":2,"7":2,"8":1,"9":2,"10":2,"11":1,"12":1,"13":1,"14":1,"15":2,"16":2,"17":2,"18":2,"19":1,"20":1,"21":2,"22":2,"23":2,"24":1,"25":1,"26":1,"27":1,"28":1,"29":1,"30":1,"31":1,"32":1,"33":1,"34":1,"35":1,"36":1,"37":1,"38":1,"39":2,"40":2,"41":1,"42":2,"43":2,"44":1,"45":2,"46":2,"47":1,"48":2,"49":2,"50":1,"51":1,"52":1,"53":1,"54":1},"b":{"1":[2,1,1,1],"2":[1,1,1,1],"3":[1,1],"4":[1,1],"5":[1,1],"6":[1,1],"7":[1,1],"8":[1,1],"9":[1,1],"10":[1,1,1],"11":[1,1],"12":[1,1],"13":[1,1],"14":[1,1],"15":[1,1],"16":[1,1],"17":[1,1]},"f":{"1":2,"2":2,"3":2,"4":2,"5":2,"6":1,"7":1,"8":1,"9":2,"10":2,"11":2,"12":2,"13":1},"fnMap":{"1":{"name":"(anonymous_1)","line":12,"loc":{"start":{"line":12,"column":1},"end":{"line":12,"column":13}}},"2":{"name":"(anonymous_2)","line":19,"loc":{"start":{"line":19,"column":5},"end":{"line":19,"column":17}}},"3":{"name":"(anonymous_3)","line":23,"loc":{"start":{"line":23,"column":24},"end":{"line":23,"column":36}}},"4":{"name":"(anonymous_4)","line":61,"loc":{"start":{"line":61,"column":5},"end":{"line":61,"column":17}}},"5":{"name":"(anonymous_5)","line":82,"loc":{"start":{"line":82,"column":5},"end":{"line":82,"column":17}}},"6":{"name":"(anonymous_6)","line":91,"loc":{"start":{"line":91,"column":77},"end":{"line":94,"column":10}}},"7":{"name":"(anonymous_7)","line":112,"loc":{"start":{"line":112,"column":83},"end":{"line":115,"column":10}},"skip":true},"8":{"name":"(anonymous_8)","line":123,"loc":{"start":{"line":123,"column":77},"end":{"line":126,"column":10}},"skip":true},"9":{"name":"(anonymous_9)","line":139,"loc":{"start":{"line":139,"column":12},"end":{"line":139,"column":40}},"skip":true},"10":{"name":"(anonymous_10)","line":147,"loc":{"start":{"line":147,"column":77},"end":{"line":150,"column":10}},"skip":true},"11":{"name":"(anonymous_11)","line":158,"loc":{"start":{"line":158,"column":83},"end":{"line":161,"column":10}},"skip":true},"12":{"name":"(anonymous_12)","line":169,"loc":{"start":{"line":169,"column":79},"end":{"line":172,"column":10}},"skip":true},"13":{"name":"(anonymous_13)","line":180,"loc":{"start":{"line":180,"column":75},"end":{"line":183,"column":10}},"skip":true}},"statementMap":{"1":{"start":{"line":12,"column":0},"end":{"line":195,"column":5}},"2":{"start":{"line":14,"column":4},"end":{"line":14,"column":14}},"3":{"start":{"line":19,"column":4},"end":{"line":56,"column":9}},"4":{"start":{"line":21,"column":8},"end":{"line":21,"column":19}},"5":{"start":{"line":23,"column":8},"end":{"line":35,"column":13}},"6":{"start":{"line":24,"column":12},"end":{"line":34,"column":13}},"7":{"start":{"line":25,"column":16},"end":{"line":28,"column":30}},"8":{"start":{"line":30,"column":16},"end":{"line":33,"column":27}},"9":{"start":{"line":37,"column":8},"end":{"line":39,"column":21}},"10":{"start":{"line":40,"column":8},"end":{"line":53,"column":9}},"11":{"start":{"line":43,"column":12},"end":{"line":46,"column":14}},"12":{"start":{"line":47,"column":12},"end":{"line":47,"column":18}},"13":{"start":{"line":50,"column":12},"end":{"line":51,"column":46}},"14":{"start":{"line":52,"column":12},"end":{"line":52,"column":18}},"15":{"start":{"line":55,"column":8},"end":{"line":55,"column":35}},"16":{"start":{"line":61,"column":4},"end":{"line":63,"column":9}},"17":{"start":{"line":62,"column":8},"end":{"line":62,"column":15}},"18":{"start":{"line":64,"column":4},"end":{"line":77,"column":5}},"19":{"start":{"line":70,"column":8},"end":{"line":70,"column":14}},"20":{"start":{"line":76,"column":8},"end":{"line":76,"column":14}},"21":{"start":{"line":82,"column":4},"end":{"line":84,"column":9}},"22":{"start":{"line":83,"column":8},"end":{"line":83,"column":15}},"23":{"start":{"line":85,"column":4},"end":{"line":194,"column":5}},"24":{"start":{"line":91,"column":8},"end":{"line":99,"column":10}},"25":{"start":{"line":98,"column":12},"end":{"line":98,"column":35}},"26":{"start":{"line":102,"column":8},"end":{"line":104,"column":63}},"27":{"start":{"line":105,"column":8},"end":{"line":105,"column":14}},"28":{"start":{"line":112,"column":8},"end":{"line":121,"column":10},"skip":true},"29":{"start":{"line":119,"column":12},"end":{"line":119,"column":55},"skip":true},"30":{"start":{"line":120,"column":12},"end":{"line":120,"column":48},"skip":true},"31":{"start":{"line":123,"column":8},"end":{"line":136,"column":10},"skip":true},"32":{"start":{"line":130,"column":12},"end":{"line":130,"column":76},"skip":true},"33":{"start":{"line":131,"column":12},"end":{"line":131,"column":73},"skip":true},"34":{"start":{"line":132,"column":12},"end":{"line":132,"column":74},"skip":true},"35":{"start":{"line":133,"column":12},"end":{"line":133,"column":79},"skip":true},"36":{"start":{"line":134,"column":12},"end":{"line":134,"column":25},"skip":true},"37":{"start":{"line":135,"column":12},"end":{"line":135,"column":45},"skip":true},"38":{"start":{"line":138,"column":8},"end":{"line":145,"column":14},"skip":true},"39":{"start":{"line":143,"column":16},"end":{"line":143,"column":29},"skip":true},"40":{"start":{"line":144,"column":16},"end":{"line":144,"column":55},"skip":true},"41":{"start":{"line":147,"column":8},"end":{"line":156,"column":10},"skip":true},"42":{"start":{"line":154,"column":12},"end":{"line":154,"column":25},"skip":true},"43":{"start":{"line":155,"column":12},"end":{"line":155,"column":45},"skip":true},"44":{"start":{"line":158,"column":8},"end":{"line":167,"column":10},"skip":true},"45":{"start":{"line":165,"column":12},"end":{"line":165,"column":25},"skip":true},"46":{"start":{"line":166,"column":12},"end":{"line":166,"column":48},"skip":true},"47":{"start":{"line":169,"column":8},"end":{"line":178,"column":10},"skip":true},"48":{"start":{"line":176,"column":12},"end":{"line":176,"column":25},"skip":true},"49":{"start":{"line":177,"column":12},"end":{"line":177,"column":46},"skip":true},"50":{"start":{"line":180,"column":8},"end":{"line":189,"column":10},"skip":true},"51":{"start":{"line":187,"column":12},"end":{"line":187,"column":94},"skip":true},"52":{"start":{"line":188,"column":12},"end":{"line":188,"column":48},"skip":true},"53":{"start":{"line":192,"column":8},"end":{"line":192,"column":35},"skip":true},"54":{"start":{"line":193,"column":8},"end":{"line":193,"column":14},"skip":true}},"branchMap":{"1":{"line":25,"type":"binary-expr","locations":[{"start":{"line":25,"column":23},"end":{"line":25,"column":62}},{"start":{"line":26,"column":20},"end":{"line":26,"column":70}},{"start":{"line":27,"column":20},"end":{"line":27,"column":71}},{"start":{"line":28,"column":20},"end":{"line":28,"column":29}}]},"2":{"line":30,"type":"binary-expr","locations":[{"start":{"line":30,"column":23},"end":{"line":30,"column":37}},{"start":{"line":31,"column":20},"end":{"line":31,"column":61}},{"start":{"line":32,"column":20},"end":{"line":32,"column":70}},{"start":{"line":33,"column":20},"end":{"line":33,"column":26}}]},"3":{"line":37,"type":"cond-expr","locations":[{"start":{"line":38,"column":14},"end":{"line":38,"column":20}},{"start":{"line":39,"column":14},"end":{"line":39,"column":20}}]},"4":{"line":40,"type":"switch","locations":[{"start":{"line":42,"column":8},"end":{"line":47,"column":18}},{"start":{"line":49,"column":8},"end":{"line":52,"column":18}}]},"5":{"line":44,"type":"binary-expr","locations":[{"start":{"line":44,"column":16},"end":{"line":44,"column":44}},{"start":{"line":44,"column":48},"end":{"line":44,"column":66}}]},"6":{"line":50,"type":"binary-expr","locations":[{"start":{"line":50,"column":21},"end":{"line":50,"column":49}},{"start":{"line":50,"column":53},"end":{"line":50,"column":72}}]},"7":{"line":64,"type":"switch","locations":[{"start":{"line":69,"column":4},"end":{"line":70,"column":14}},{"start":{"line":75,"column":4},"end":{"line":76,"column":14}}]},"8":{"line":85,"type":"switch","locations":[{"start":{"line":90,"column":4},"end":{"line":105,"column":14}},{"start":{"line":111,"column":4},"end":{"line":193,"column":14},"skip":true}]},"9":{"line":91,"type":"binary-expr","locations":[{"start":{"line":91,"column":42},"end":{"line":91,"column":73}},{"start":{"line":91,"column":77},"end":{"line":99,"column":9}}]},"10":{"line":102,"type":"binary-expr","locations":[{"start":{"line":102,"column":18},"end":{"line":102,"column":32}},{"start":{"line":103,"column":12},"end":{"line":103,"column":53}},{"start":{"line":104,"column":12},"end":{"line":104,"column":61}}]},"11":{"line":112,"type":"binary-expr","locations":[{"start":{"line":112,"column":45},"end":{"line":112,"column":79},"skip":true},{"start":{"line":112,"column":83},"end":{"line":121,"column":9},"skip":true}]},"12":{"line":123,"type":"binary-expr","locations":[{"start":{"line":123,"column":42},"end":{"line":123,"column":73},"skip":true},{"start":{"line":123,"column":77},"end":{"line":136,"column":9},"skip":true}]},"13":{"line":138,"type":"binary-expr","locations":[{"start":{"line":138,"column":48},"end":{"line":138,"column":85},"skip":true},{"start":{"line":139,"column":12},"end":{"line":145,"column":13},"skip":true}]},"14":{"line":147,"type":"binary-expr","locations":[{"start":{"line":147,"column":42},"end":{"line":147,"column":73},"skip":true},{"start":{"line":147,"column":77},"end":{"line":156,"column":9},"skip":true}]},"15":{"line":158,"type":"binary-expr","locations":[{"start":{"line":158,"column":45},"end":{"line":158,"column":79},"skip":true},{"start":{"line":158,"column":83},"end":{"line":167,"column":9},"skip":true}]},"16":{"line":169,"type":"binary-expr","locations":[{"start":{"line":169,"column":43},"end":{"line":169,"column":75},"skip":true},{"start":{"line":169,"column":79},"end":{"line":178,"column":9},"skip":true}]},"17":{"line":180,"type":"binary-expr","locations":[{"start":{"line":180,"column":41},"end":{"line":180,"column":71},"skip":true},{"start":{"line":180,"column":75},"end":{"line":189,"column":9},"skip":true}]}},"code":["/* istanbul instrument in package npmtest_date_utils */","/*jslint","    bitwise: true,","    browser: true,","    maxerr: 8,","    maxlen: 96,","    node: true,","    nomen: true,","    regexp: true,","    stupid: true","*/","(function () {","    'use strict';","    var local;","","","","    // run shared js-env code - pre-init","    (function () {","        // init local","        local = {};","        // init modeJs","        local.modeJs = (function () {","            try {","                return typeof navigator.userAgent === 'string' &&","                    typeof document.querySelector('body') === 'object' &&","                    typeof XMLHttpRequest.prototype.open === 'function' &&","                    'browser';","            } catch (errorCaughtBrowser) {","                return module.exports &&","                    typeof process.versions.node === 'string' &&","                    typeof require('http').createServer === 'function' &&","                    'node';","            }","        }());","        // init global","        local.global = local.modeJs === 'browser'","            ? window","            : global;","        switch (local.modeJs) {","        // re-init local from window.local","        case 'browser':","            local = local.global.utility2.objectSetDefault(","                local.global.utility2_rollup || local.global.local,","                local.global.utility2","            );","            break;","        // re-init local from example.js","        case 'node':","            local = (local.global.utility2_rollup || require('utility2'))","                .requireExampleJsFromReadme();","            break;","        }","        // export local","        local.global.local = local;","    }());","","","","    // run shared js-env code - function","    (function () {","        return;","    }());","    switch (local.modeJs) {","","","","    // run browser js-env code - function","    case 'browser':","        break;","","","","    // run node js-env code - function","    case 'node':","        break;","    }","","","","    // run shared js-env code - post-init","    (function () {","        return;","    }());","    switch (local.modeJs) {","","","","    // run browser js-env code - post-init","    case 'browser':","        local.testCase_browser_nullCase = local.testCase_browser_nullCase || function (","            options,","            onError","        ) {","        /*","         * this function will test browsers's null-case handling-behavior-behavior","         */","            onError(null, options);","        };","","        // run tests","        local.nop(local.modeTest &&","            document.querySelector('#testRunButton1') &&","            document.querySelector('#testRunButton1').click());","        break;","","","","    // run node js-env code - post-init","    /* istanbul ignore next */","    case 'node':","        local.testCase_buildApidoc_default = local.testCase_buildApidoc_default || function (","            options,","            onError","        ) {","        /*","         * this function will test buildApidoc's default handling-behavior-behavior","         */","            options = { modulePathList: module.paths };","            local.buildApidoc(options, onError);","        };","","        local.testCase_buildApp_default = local.testCase_buildApp_default || function (","            options,","            onError","        ) {","        /*","         * this function will test buildApp's default handling-behavior-behavior","         */","            local.testCase_buildReadme_default(options, local.onErrorThrow);","            local.testCase_buildLib_default(options, local.onErrorThrow);","            local.testCase_buildTest_default(options, local.onErrorThrow);","            local.testCase_buildCustomOrg_default(options, local.onErrorThrow);","            options = [];","            local.buildApp(options, onError);","        };","","        local.testCase_buildCustomOrg_default = local.testCase_buildCustomOrg_default ||","            function (options, onError) {","            /*","             * this function will test buildCustomOrg's default handling-behavior","             */","                options = {};","                local.buildCustomOrg(options, onError);","            };","","        local.testCase_buildLib_default = local.testCase_buildLib_default || function (","            options,","            onError","        ) {","        /*","         * this function will test buildLib's default handling-behavior","         */","            options = {};","            local.buildLib(options, onError);","        };","","        local.testCase_buildReadme_default = local.testCase_buildReadme_default || function (","            options,","            onError","        ) {","        /*","         * this function will test buildReadme's default handling-behavior-behavior","         */","            options = {};","            local.buildReadme(options, onError);","        };","","        local.testCase_buildTest_default = local.testCase_buildTest_default || function (","            options,","            onError","        ) {","        /*","         * this function will test buildTest's default handling-behavior","         */","            options = {};","            local.buildTest(options, onError);","        };","","        local.testCase_webpage_default = local.testCase_webpage_default || function (","            options,","            onError","        ) {","        /*","         * this function will test webpage's default handling-behavior","         */","            options = { modeCoverageMerge: true, url: local.serverLocalHost + '?modeTest=1' };","            local.browserTest(options, onError);","        };","","        // run test-server","        local.testRunServer(local);","        break;","    }","}());",""],"l":{"12":2,"14":2,"19":2,"21":2,"23":2,"24":2,"25":2,"30":1,"37":2,"40":2,"43":1,"47":1,"50":1,"52":1,"55":2,"61":2,"62":2,"64":2,"70":1,"76":1,"82":2,"83":2,"85":2,"91":1,"98":1,"102":1,"105":1,"112":1,"119":1,"120":1,"123":1,"130":1,"131":1,"132":1,"133":1,"134":1,"135":1,"138":1,"143":2,"144":2,"147":1,"154":2,"155":2,"158":1,"165":2,"166":2,"169":1,"176":2,"177":2,"180":1,"187":1,"188":1,"192":1,"193":1}},"/home/travis/build/npmtest/node-npmtest-date-utils/lib.npmtest_date_utils.js":{"path":"/home/travis/build/npmtest/node-npmtest-date-utils/lib.npmtest_date_utils.js","s":{"1":2,"2":2,"3":2,"4":2,"5":2,"6":2,"7":2,"8":1,"9":2,"10":2,"11":2,"12":2,"13":1,"14":1,"15":1,"16":1},"b":{"1":[2,1,1,1],"2":[1,1,1,1],"3":[1,1],"4":[2,2],"5":[1,1]},"f":{"1":2,"2":2,"3":2},"fnMap":{"1":{"name":"(anonymous_1)","line":12,"loc":{"start":{"line":12,"column":1},"end":{"line":12,"column":13}}},"2":{"name":"(anonymous_2)","line":19,"loc":{"start":{"line":19,"column":5},"end":{"line":19,"column":17}}},"3":{"name":"(anonymous_3)","line":23,"loc":{"start":{"line":23,"column":24},"end":{"line":23,"column":36}}}},"statementMap":{"1":{"start":{"line":12,"column":0},"end":{"line":53,"column":5}},"2":{"start":{"line":14,"column":4},"end":{"line":14,"column":14}},"3":{"start":{"line":19,"column":4},"end":{"line":52,"column":9}},"4":{"start":{"line":21,"column":8},"end":{"line":21,"column":19}},"5":{"start":{"line":23,"column":8},"end":{"line":35,"column":13}},"6":{"start":{"line":24,"column":12},"end":{"line":34,"column":13}},"7":{"start":{"line":25,"column":16},"end":{"line":28,"column":30}},"8":{"start":{"line":30,"column":16},"end":{"line":33,"column":27}},"9":{"start":{"line":37,"column":8},"end":{"line":39,"column":21}},"10":{"start":{"line":41,"column":8},"end":{"line":41,"column":54}},"11":{"start":{"line":43,"column":8},"end":{"line":43,"column":55}},"12":{"start":{"line":45,"column":8},"end":{"line":51,"column":9}},"13":{"start":{"line":46,"column":12},"end":{"line":46,"column":61}},"14":{"start":{"line":48,"column":12},"end":{"line":48,"column":35}},"15":{"start":{"line":49,"column":12},"end":{"line":49,"column":49}},"16":{"start":{"line":50,"column":12},"end":{"line":50,"column":43}}},"branchMap":{"1":{"line":25,"type":"binary-expr","locations":[{"start":{"line":25,"column":23},"end":{"line":25,"column":62}},{"start":{"line":26,"column":20},"end":{"line":26,"column":70}},{"start":{"line":27,"column":20},"end":{"line":27,"column":71}},{"start":{"line":28,"column":20},"end":{"line":28,"column":29}}]},"2":{"line":30,"type":"binary-expr","locations":[{"start":{"line":30,"column":23},"end":{"line":30,"column":37}},{"start":{"line":31,"column":20},"end":{"line":31,"column":61}},{"start":{"line":32,"column":20},"end":{"line":32,"column":70}},{"start":{"line":33,"column":20},"end":{"line":33,"column":26}}]},"3":{"line":37,"type":"cond-expr","locations":[{"start":{"line":38,"column":14},"end":{"line":38,"column":20}},{"start":{"line":39,"column":14},"end":{"line":39,"column":20}}]},"4":{"line":41,"type":"binary-expr","locations":[{"start":{"line":41,"column":16},"end":{"line":41,"column":44}},{"start":{"line":41,"column":48},"end":{"line":41,"column":53}}]},"5":{"line":45,"type":"if","locations":[{"start":{"line":45,"column":8},"end":{"line":45,"column":8}},{"start":{"line":45,"column":8},"end":{"line":45,"column":8}}]}},"code":["/* istanbul instrument in package npmtest_date_utils */","/*jslint","    bitwise: true,","    browser: true,","    maxerr: 8,","    maxlen: 96,","    node: true,","    nomen: true,","    regexp: true,","    stupid: true","*/","(function () {","    'use strict';","    var local;","","","","    // run shared js-env code - pre-init","    (function () {","        // init local","        local = {};","        // init modeJs","        local.modeJs = (function () {","            try {","                return typeof navigator.userAgent === 'string' &&","                    typeof document.querySelector('body') === 'object' &&","                    typeof XMLHttpRequest.prototype.open === 'function' &&","                    'browser';","            } catch (errorCaughtBrowser) {","                return module.exports &&","                    typeof process.versions.node === 'string' &&","                    typeof require('http').createServer === 'function' &&","                    'node';","            }","        }());","        // init global","        local.global = local.modeJs === 'browser'","            ? window","            : global;","        // init utility2_rollup","        local = local.global.utility2_rollup || local;","        // init lib","        local.local = local.npmtest_date_utils = local;","        // init exports","        if (local.modeJs === 'browser') {","            local.global.utility2_npmtest_date_utils = local;","        } else {","            module.exports = local;","            module.exports.__dirname = __dirname;","            module.exports.module = module;","        }","    }());","}());",""],"l":{"12":2,"14":2,"19":2,"21":2,"23":2,"24":2,"25":2,"30":1,"37":2,"41":2,"43":2,"45":2,"46":1,"48":1,"49":1,"50":1}},"/home/travis/build/npmtest/node-npmtest-date-utils/example.js":{"path":"/home/travis/build/npmtest/node-npmtest-date-utils/example.js","s":{"1":2,"2":2,"3":2,"4":2,"5":2,"6":2,"7":2,"8":1,"9":2,"10":2,"11":2,"12":2,"13":1,"14":2,"15":2,"16":2,"17":2,"18":2,"19":0,"20":2,"21":1,"22":1,"23":1,"24":1,"25":1,"26":0,"27":0,"28":1,"29":1,"30":2,"31":0,"32":0,"33":0,"34":1,"35":2,"36":2,"37":3,"38":3,"39":3,"40":3,"41":0,"42":3,"43":3,"44":3,"45":1,"46":3,"47":1,"48":1,"49":1,"50":1,"51":1,"52":1,"53":1,"54":1,"55":1,"56":1,"57":0,"58":1,"59":6,"60":6,"61":1,"62":2,"63":0,"64":2,"65":1,"66":1,"67":0,"68":0,"69":0,"70":0,"71":0,"72":0,"73":0,"74":0,"75":0,"76":0,"77":0,"78":0,"79":0,"80":0,"81":0,"82":0,"83":0},"b":{"1":[2,1,1,1],"2":[1,1,1,1],"3":[1,1],"4":[2,2],"5":[1,1],"6":[1,1],"7":[2,0],"8":[2,1,1,1,1,1],"9":[0,2,0],"10":[1,1],"11":[2,1,1],"12":[1,0],"13":[0,2],"14":[2,0,0,0,0,0,0],"15":[0,3],"16":[3,0],"17":[1,1],"18":[0,1],"19":[1,2,0,2],"20":[1,0],"21":[1,1],"22":[0,0],"23":[0,0],"24":[0,0],"25":[0,0],"26":[0,0],"27":[0,0],"28":[0,0]},"f":{"1":2,"2":2,"3":2,"4":2,"5":2,"6":2,"7":3,"8":3,"9":3,"10":1,"11":6,"12":0},"fnMap":{"1":{"name":"(anonymous_1)","line":26,"loc":{"start":{"line":26,"column":1},"end":{"line":26,"column":13}}},"2":{"name":"(anonymous_2)","line":33,"loc":{"start":{"line":33,"column":5},"end":{"line":33,"column":17}}},"3":{"name":"(anonymous_3)","line":37,"loc":{"start":{"line":37,"column":24},"end":{"line":37,"column":36}}},"4":{"name":"(anonymous_4)","line":69,"loc":{"start":{"line":69,"column":31},"end":{"line":69,"column":48}},"skip":true},"5":{"name":"(anonymous_5)","line":78,"loc":{"start":{"line":78,"column":26},"end":{"line":78,"column":45}},"skip":true},"6":{"name":"(anonymous_6)","line":123,"loc":{"start":{"line":123,"column":33},"end":{"line":123,"column":48}},"skip":true},"7":{"name":"(anonymous_7)","line":125,"loc":{"start":{"line":125,"column":27},"end":{"line":125,"column":39}},"skip":true},"8":{"name":"(anonymous_8)","line":133,"loc":{"start":{"line":133,"column":59},"end":{"line":133,"column":74}},"skip":true},"9":{"name":"(anonymous_9)","line":143,"loc":{"start":{"line":143,"column":45},"end":{"line":143,"column":62}},"skip":true},"10":{"name":"(anonymous_10)","line":144,"loc":{"start":{"line":144,"column":73},"end":{"line":144,"column":92}},"skip":true},"11":{"name":"(anonymous_11)","line":272,"loc":{"start":{"line":272,"column":51},"end":{"line":272,"column":77}},"skip":true},"12":{"name":"(anonymous_12)","line":315,"loc":{"start":{"line":315,"column":32},"end":{"line":315,"column":61}},"skip":true}},"statementMap":{"1":{"start":{"line":26,"column":0},"end":{"line":326,"column":5}},"2":{"start":{"line":28,"column":4},"end":{"line":28,"column":14}},"3":{"start":{"line":33,"column":4},"end":{"line":60,"column":9}},"4":{"start":{"line":35,"column":8},"end":{"line":35,"column":19}},"5":{"start":{"line":37,"column":8},"end":{"line":49,"column":13}},"6":{"start":{"line":38,"column":12},"end":{"line":48,"column":13}},"7":{"start":{"line":39,"column":16},"end":{"line":42,"column":30}},"8":{"start":{"line":44,"column":16},"end":{"line":47,"column":27}},"9":{"start":{"line":51,"column":8},"end":{"line":53,"column":21}},"10":{"start":{"line":55,"column":8},"end":{"line":57,"column":45}},"11":{"start":{"line":59,"column":8},"end":{"line":59,"column":35}},"12":{"start":{"line":61,"column":4},"end":{"line":325,"column":5}},"13":{"start":{"line":69,"column":8},"end":{"line":121,"column":10},"skip":true},"14":{"start":{"line":70,"column":12},"end":{"line":88,"column":13},"skip":true},"15":{"start":{"line":76,"column":16},"end":{"line":87,"column":19},"skip":true},"16":{"start":{"line":79,"column":20},"end":{"line":86,"column":21},"skip":true},"17":{"start":{"line":82,"column":24},"end":{"line":82,"column":43},"skip":true},"18":{"start":{"line":83,"column":24},"end":{"line":83,"column":30},"skip":true},"19":{"start":{"line":85,"column":24},"end":{"line":85,"column":49},"skip":true},"20":{"start":{"line":89,"column":12},"end":{"line":107,"column":13},"skip":true},"21":{"start":{"line":92,"column":16},"end":{"line":102,"column":17},"skip":true},"22":{"start":{"line":93,"column":20},"end":{"line":93,"column":86},"skip":true},"23":{"start":{"line":94,"column":20},"end":{"line":95,"column":45},"skip":true},"24":{"start":{"line":96,"column":20},"end":{"line":96,"column":42},"skip":true},"25":{"start":{"line":97,"column":20},"end":{"line":97,"column":48},"skip":true},"26":{"start":{"line":100,"column":20},"end":{"line":100,"column":85},"skip":true},"27":{"start":{"line":101,"column":20},"end":{"line":101,"column":96},"skip":true},"28":{"start":{"line":103,"column":16},"end":{"line":103,"column":22},"skip":true},"29":{"start":{"line":106,"column":16},"end":{"line":106,"column":22},"skip":true},"30":{"start":{"line":108,"column":12},"end":{"line":120,"column":13},"skip":true},"31":{"start":{"line":114,"column":16},"end":{"line":119,"column":17},"skip":true},"32":{"start":{"line":116,"column":20},"end":{"line":116,"column":78},"skip":true},"33":{"start":{"line":118,"column":20},"end":{"line":118,"column":47},"skip":true},"34":{"start":{"line":123,"column":8},"end":{"line":141,"column":11},"skip":true},"35":{"start":{"line":124,"column":12},"end":{"line":124,"column":54},"skip":true},"36":{"start":{"line":125,"column":12},"end":{"line":140,"column":14},"skip":true},"37":{"start":{"line":126,"column":16},"end":{"line":126,"column":28},"skip":true},"38":{"start":{"line":127,"column":16},"end":{"line":127,"column":69},"skip":true},"39":{"start":{"line":128,"column":16},"end":{"line":128,"column":75},"skip":true},"40":{"start":{"line":129,"column":16},"end":{"line":131,"column":17},"skip":true},"41":{"start":{"line":130,"column":20},"end":{"line":130,"column":27},"skip":true},"42":{"start":{"line":133,"column":16},"end":{"line":137,"column":36},"skip":true},"43":{"start":{"line":134,"column":20},"end":{"line":136,"column":55},"skip":true},"44":{"start":{"line":139,"column":16},"end":{"line":139,"column":57},"skip":true},"45":{"start":{"line":143,"column":8},"end":{"line":147,"column":11},"skip":true},"46":{"start":{"line":144,"column":12},"end":{"line":146,"column":15},"skip":true},"47":{"start":{"line":145,"column":16},"end":{"line":145,"column":70},"skip":true},"48":{"start":{"line":149,"column":8},"end":{"line":149,"column":31},"skip":true},"49":{"start":{"line":150,"column":8},"end":{"line":150,"column":14},"skip":true},"50":{"start":{"line":158,"column":8},"end":{"line":158,"column":31},"skip":true},"51":{"start":{"line":160,"column":8},"end":{"line":160,"column":33},"skip":true},"52":{"start":{"line":161,"column":8},"end":{"line":161,"column":37},"skip":true},"53":{"start":{"line":162,"column":8},"end":{"line":162,"column":35},"skip":true},"54":{"start":{"line":164,"column":8},"end":{"line":164,"column":50},"skip":true},"55":{"start":{"line":166,"column":8},"end":{"line":256,"column":2},"skip":true},"56":{"start":{"line":258,"column":8},"end":{"line":286,"column":9},"skip":true},"57":{"start":{"line":259,"column":12},"end":{"line":269,"column":14},"skip":true},"58":{"start":{"line":271,"column":12},"end":{"line":285,"column":19},"skip":true},"59":{"start":{"line":274,"column":20},"end":{"line":274,"column":35},"skip":true},"60":{"start":{"line":275,"column":20},"end":{"line":284,"column":21},"skip":true},"61":{"start":{"line":277,"column":24},"end":{"line":277,"column":64},"skip":true},"62":{"start":{"line":279,"column":24},"end":{"line":279,"column":40},"skip":true},"63":{"start":{"line":281,"column":24},"end":{"line":281,"column":40},"skip":true},"64":{"start":{"line":283,"column":24},"end":{"line":283,"column":39},"skip":true},"65":{"start":{"line":288,"column":8},"end":{"line":290,"column":9},"skip":true},"66":{"start":{"line":289,"column":12},"end":{"line":289,"column":18},"skip":true},"67":{"start":{"line":291,"column":8},"end":{"line":293,"column":54},"skip":true},"68":{"start":{"line":296,"column":8},"end":{"line":301,"column":37},"skip":true},"69":{"start":{"line":303,"column":8},"end":{"line":303,"column":82},"skip":true},"70":{"start":{"line":306,"column":8},"end":{"line":308,"column":9},"skip":true},"71":{"start":{"line":307,"column":12},"end":{"line":307,"column":82},"skip":true},"72":{"start":{"line":310,"column":8},"end":{"line":312,"column":9},"skip":true},"73":{"start":{"line":311,"column":12},"end":{"line":311,"column":18},"skip":true},"74":{"start":{"line":313,"column":8},"end":{"line":313,"column":54},"skip":true},"75":{"start":{"line":314,"column":8},"end":{"line":314,"column":69},"skip":true},"76":{"start":{"line":315,"column":8},"end":{"line":323,"column":36},"skip":true},"77":{"start":{"line":316,"column":12},"end":{"line":316,"column":61},"skip":true},"78":{"start":{"line":317,"column":12},"end":{"line":320,"column":13},"skip":true},"79":{"start":{"line":318,"column":16},"end":{"line":318,"column":75},"skip":true},"80":{"start":{"line":319,"column":16},"end":{"line":319,"column":23},"skip":true},"81":{"start":{"line":321,"column":12},"end":{"line":321,"column":38},"skip":true},"82":{"start":{"line":322,"column":12},"end":{"line":322,"column":27},"skip":true},"83":{"start":{"line":324,"column":8},"end":{"line":324,"column":14},"skip":true}},"branchMap":{"1":{"line":39,"type":"binary-expr","locations":[{"start":{"line":39,"column":23},"end":{"line":39,"column":62}},{"start":{"line":40,"column":20},"end":{"line":40,"column":70}},{"start":{"line":41,"column":20},"end":{"line":41,"column":71}},{"start":{"line":42,"column":20},"end":{"line":42,"column":29}}]},"2":{"line":44,"type":"binary-expr","locations":[{"start":{"line":44,"column":23},"end":{"line":44,"column":37}},{"start":{"line":45,"column":20},"end":{"line":45,"column":61}},{"start":{"line":46,"column":20},"end":{"line":46,"column":70}},{"start":{"line":47,"column":20},"end":{"line":47,"column":26}}]},"3":{"line":51,"type":"cond-expr","locations":[{"start":{"line":52,"column":14},"end":{"line":52,"column":20}},{"start":{"line":53,"column":14},"end":{"line":53,"column":20}}]},"4":{"line":55,"type":"binary-expr","locations":[{"start":{"line":55,"column":16},"end":{"line":55,"column":44}},{"start":{"line":55,"column":49},"end":{"line":57,"column":43}}]},"5":{"line":55,"type":"cond-expr","locations":[{"start":{"line":56,"column":14},"end":{"line":56,"column":54}},{"start":{"line":57,"column":14},"end":{"line":57,"column":43}}]},"6":{"line":61,"type":"switch","locations":[{"start":{"line":68,"column":4},"end":{"line":150,"column":14},"skip":true},{"start":{"line":156,"column":4},"end":{"line":324,"column":14},"skip":true}]},"7":{"line":70,"type":"if","locations":[{"start":{"line":70,"column":12},"end":{"line":70,"column":12},"skip":true},{"start":{"line":70,"column":12},"end":{"line":70,"column":12},"skip":true}]},"8":{"line":70,"type":"binary-expr","locations":[{"start":{"line":70,"column":16},"end":{"line":70,"column":22},"skip":true},{"start":{"line":70,"column":27},"end":{"line":70,"column":32},"skip":true},{"start":{"line":71,"column":20},"end":{"line":71,"column":39},"skip":true},{"start":{"line":72,"column":20},"end":{"line":72,"column":49},"skip":true},{"start":{"line":73,"column":20},"end":{"line":73,"column":58},"skip":true},{"start":{"line":74,"column":20},"end":{"line":74,"column":69},"skip":true}]},"9":{"line":79,"type":"switch","locations":[{"start":{"line":80,"column":20},"end":{"line":80,"column":33},"skip":true},{"start":{"line":81,"column":20},"end":{"line":83,"column":30},"skip":true},{"start":{"line":84,"column":20},"end":{"line":85,"column":49},"skip":true}]},"10":{"line":89,"type":"switch","locations":[{"start":{"line":90,"column":12},"end":{"line":103,"column":22},"skip":true},{"start":{"line":105,"column":12},"end":{"line":106,"column":22},"skip":true}]},"11":{"line":89,"type":"binary-expr","locations":[{"start":{"line":89,"column":20},"end":{"line":89,"column":25},"skip":true},{"start":{"line":89,"column":29},"end":{"line":89,"column":48},"skip":true},{"start":{"line":89,"column":52},"end":{"line":89,"column":74},"skip":true}]},"12":{"line":92,"type":"if","locations":[{"start":{"line":92,"column":16},"end":{"line":92,"column":16},"skip":true},{"start":{"line":92,"column":16},"end":{"line":92,"column":16},"skip":true}]},"13":{"line":108,"type":"if","locations":[{"start":{"line":108,"column":12},"end":{"line":108,"column":12},"skip":true},{"start":{"line":108,"column":12},"end":{"line":108,"column":12},"skip":true}]},"14":{"line":108,"type":"binary-expr","locations":[{"start":{"line":108,"column":16},"end":{"line":108,"column":61},"skip":true},{"start":{"line":108,"column":66},"end":{"line":108,"column":72},"skip":true},{"start":{"line":108,"column":77},"end":{"line":108,"column":82},"skip":true},{"start":{"line":109,"column":20},"end":{"line":109,"column":39},"skip":true},{"start":{"line":110,"column":20},"end":{"line":110,"column":49},"skip":true},{"start":{"line":111,"column":20},"end":{"line":111,"column":58},"skip":true},{"start":{"line":112,"column":20},"end":{"line":112,"column":68},"skip":true}]},"15":{"line":129,"type":"if","locations":[{"start":{"line":129,"column":16},"end":{"line":129,"column":16},"skip":true},{"start":{"line":129,"column":16},"end":{"line":129,"column":16},"skip":true}]},"16":{"line":134,"type":"cond-expr","locations":[{"start":{"line":135,"column":26},"end":{"line":135,"column":29},"skip":true},{"start":{"line":136,"column":26},"end":{"line":136,"column":54},"skip":true}]},"17":{"line":164,"type":"binary-expr","locations":[{"start":{"line":164,"column":27},"end":{"line":164,"column":43},"skip":true},{"start":{"line":164,"column":47},"end":{"line":164,"column":49},"skip":true}]},"18":{"line":258,"type":"if","locations":[{"start":{"line":258,"column":8},"end":{"line":258,"column":8},"skip":true},{"start":{"line":258,"column":8},"end":{"line":258,"column":8},"skip":true}]},"19":{"line":275,"type":"switch","locations":[{"start":{"line":276,"column":20},"end":{"line":277,"column":64},"skip":true},{"start":{"line":278,"column":20},"end":{"line":279,"column":40},"skip":true},{"start":{"line":280,"column":20},"end":{"line":281,"column":40},"skip":true},{"start":{"line":282,"column":20},"end":{"line":283,"column":39},"skip":true}]},"20":{"line":288,"type":"if","locations":[{"start":{"line":288,"column":8},"end":{"line":288,"column":8},"skip":true},{"start":{"line":288,"column":8},"end":{"line":288,"column":8},"skip":true}]},"21":{"line":288,"type":"binary-expr","locations":[{"start":{"line":288,"column":12},"end":{"line":288,"column":40},"skip":true},{"start":{"line":288,"column":44},"end":{"line":288,"column":67},"skip":true}]},"22":{"line":292,"type":"binary-expr","locations":[{"start":{"line":292,"column":12},"end":{"line":292,"column":50},"skip":true},{"start":{"line":293,"column":12},"end":{"line":293,"column":53},"skip":true}]},"23":{"line":297,"type":"binary-expr","locations":[{"start":{"line":297,"column":12},"end":{"line":297,"column":68},"skip":true},{"start":{"line":298,"column":12},"end":{"line":301,"column":36},"skip":true}]},"24":{"line":303,"type":"binary-expr","locations":[{"start":{"line":303,"column":43},"end":{"line":303,"column":75},"skip":true},{"start":{"line":303,"column":79},"end":{"line":303,"column":81},"skip":true}]},"25":{"line":306,"type":"if","locations":[{"start":{"line":306,"column":8},"end":{"line":306,"column":8},"skip":true},{"start":{"line":306,"column":8},"end":{"line":306,"column":8},"skip":true}]},"26":{"line":310,"type":"if","locations":[{"start":{"line":310,"column":8},"end":{"line":310,"column":8},"skip":true},{"start":{"line":310,"column":8},"end":{"line":310,"column":8},"skip":true}]},"27":{"line":313,"type":"binary-expr","locations":[{"start":{"line":313,"column":27},"end":{"line":313,"column":43},"skip":true},{"start":{"line":313,"column":47},"end":{"line":313,"column":53},"skip":true}]},"28":{"line":317,"type":"if","locations":[{"start":{"line":317,"column":12},"end":{"line":317,"column":12},"skip":true},{"start":{"line":317,"column":12},"end":{"line":317,"column":12},"skip":true}]}},"code":["/*","example.js","","quickstart example","","instruction","    1. save this script as example.js","    2. run the shell command:","        $ npm install npmtest-date-utils && PORT=8081 node example.js","    3. play with the browser-demo on http://127.0.0.1:8081","*/","","","","/* istanbul instrument in package npmtest_date_utils */","/*jslint","    bitwise: true,","    browser: true,","    maxerr: 8,","    maxlen: 96,","    node: true,","    nomen: true,","    regexp: true,","    stupid: true","*/","(function () {","    'use strict';","    var local;","","","","    // run shared js-env code - pre-init","    (function () {","        // init local","        local = {};","        // init modeJs","        local.modeJs = (function () {","            try {","                return typeof navigator.userAgent === 'string' &&","                    typeof document.querySelector('body') === 'object' &&","                    typeof XMLHttpRequest.prototype.open === 'function' &&","                    'browser';","            } catch (errorCaughtBrowser) {","                return module.exports &&","                    typeof process.versions.node === 'string' &&","                    typeof require('http').createServer === 'function' &&","                    'node';","            }","        }());","        // init global","        local.global = local.modeJs === 'browser'","            ? window","            : global;","        // init utility2_rollup","        local = local.global.utility2_rollup || (local.modeJs === 'browser'","            ? local.global.utility2_npmtest_date_utils","            : global.utility2_moduleExports);","        // export local","        local.global.local = local;","    }());","    switch (local.modeJs) {","","","","    // post-init","    // run browser js-env code - post-init","    /* istanbul ignore next */","    case 'browser':","        local.testRunBrowser = function (event) {","            if (!event || (event &&","                    event.currentTarget &&","                    event.currentTarget.className &&","                    event.currentTarget.className.includes &&","                    event.currentTarget.className.includes('onreset'))) {","                // reset output","                Array.from(","                    document.querySelectorAll('body > .resettable')","                ).forEach(function (element) {","                    switch (element.tagName) {","                    case 'INPUT':","                    case 'TEXTAREA':","                        element.value = '';","                        break;","                    default:","                        element.textContent = '';","                    }","                });","            }","            switch (event && event.currentTarget && event.currentTarget.id) {","            case 'testRunButton1':","                // show tests","                if (document.querySelector('#testReportDiv1').style.display === 'none') {","                    document.querySelector('#testReportDiv1').style.display = 'block';","                    document.querySelector('#testRunButton1').textContent =","                        'hide internal test';","                    local.modeTest = true;","                    local.testRunDefault(local);","                // hide tests","                } else {","                    document.querySelector('#testReportDiv1').style.display = 'none';","                    document.querySelector('#testRunButton1').textContent = 'run internal test';","                }","                break;","            // custom-case","            default:","                break;","            }","            if (document.querySelector('#inputTextareaEval1') && (!event || (event &&","                    event.currentTarget &&","                    event.currentTarget.className &&","                    event.currentTarget.className.includes &&","                    event.currentTarget.className.includes('oneval')))) {","                // try to eval input-code","                try {","                    /*jslint evil: true*/","                    eval(document.querySelector('#inputTextareaEval1').value);","                } catch (errorCaught) {","                    console.error(errorCaught);","                }","            }","        };","        // log stderr and stdout to #outputTextareaStdout1","        ['error', 'log'].forEach(function (key) {","            console[key + '_original'] = console[key];","            console[key] = function () {","                var element;","                console[key + '_original'].apply(console, arguments);","                element = document.querySelector('#outputTextareaStdout1');","                if (!element) {","                    return;","                }","                // append text to #outputTextareaStdout1","                element.value += Array.from(arguments).map(function (arg) {","                    return typeof arg === 'string'","                        ? arg","                        : JSON.stringify(arg, null, 4);","                }).join(' ') + '\\n';","                // scroll textarea to bottom","                element.scrollTop = element.scrollHeight;","            };","        });","        // init event-handling","        ['change', 'click', 'keyup'].forEach(function (event) {","            Array.from(document.querySelectorAll('.on' + event)).forEach(function (element) {","                element.addEventListener(event, local.testRunBrowser);","            });","        });","        // run tests","        local.testRunBrowser();","        break;","","","","    // run node js-env code - post-init","    /* istanbul ignore next */","    case 'node':","        // export local","        module.exports = local;","        // require modules","        local.fs = require('fs');","        local.http = require('http');","        local.url = require('url');","        // init assets","        local.assetsDict = local.assetsDict || {};","        /* jslint-ignore-begin */","        local.assetsDict['/assets.index.template.html'] = '\\","<!doctype html>\\n\\","<html lang=\"en\">\\n\\","<head>\\n\\","<meta charset=\"UTF-8\">\\n\\","<meta name=\"viewport\" content=\"width=device-width, initial-scale=1\">\\n\\","<title>{{env.npm_package_name}} (v{{env.npm_package_version}})</title>\\n\\","<style>\\n\\","/*csslint\\n\\","    box-sizing: false,\\n\\","    universal-selector: false\\n\\","*/\\n\\","* {\\n\\","    box-sizing: border-box;\\n\\","}\\n\\","body {\\n\\","    background: #dde;\\n\\","    font-family: Arial, Helvetica, sans-serif;\\n\\","    margin: 2rem;\\n\\","}\\n\\","body > * {\\n\\","    margin-bottom: 1rem;\\n\\","}\\n\\",".utility2FooterDiv {\\n\\","    margin-top: 20px;\\n\\","    text-align: center;\\n\\","}\\n\\","</style>\\n\\","<style>\\n\\","/*csslint\\n\\","*/\\n\\","textarea {\\n\\","    font-family: monospace;\\n\\","    height: 10rem;\\n\\","    width: 100%;\\n\\","}\\n\\","textarea[readonly] {\\n\\","    background: #ddd;\\n\\","}\\n\\","</style>\\n\\","</head>\\n\\","<body>\\n\\","<!-- utility2-comment\\n\\","<div id=\"ajaxProgressDiv1\" style=\"background: #d00; height: 2px; left: 0; margin: 0; padding: 0; position: fixed; top: 0; transition: background 0.5s, width 1.5s; width: 25%;\"></div>\\n\\","utility2-comment -->\\n\\","<h1>\\n\\","<!-- utility2-comment\\n\\","    <a\\n\\","        {{#if env.npm_package_homepage}}\\n\\","        href=\"{{env.npm_package_homepage}}\"\\n\\","        {{/if env.npm_package_homepage}}\\n\\","        target=\"_blank\"\\n\\","    >\\n\\","utility2-comment -->\\n\\","        {{env.npm_package_name}} (v{{env.npm_package_version}})\\n\\","<!-- utility2-comment\\n\\","    </a>\\n\\","utility2-comment -->\\n\\","</h1>\\n\\","<h3>{{env.npm_package_description}}</h3>\\n\\","<!-- utility2-comment\\n\\","<h4><a download href=\"assets.app.js\">download standalone app</a></h4>\\n\\","<button class=\"onclick onreset\" id=\"testRunButton1\">run internal test</button><br>\\n\\","<div id=\"testReportDiv1\" style=\"display: none;\"></div>\\n\\","utility2-comment -->\\n\\","\\n\\","\\n\\","\\n\\","<label>stderr and stdout</label>\\n\\","<textarea class=\"resettable\" id=\"outputTextareaStdout1\" readonly></textarea>\\n\\","<!-- utility2-comment\\n\\","{{#if isRollup}}\\n\\","<script src=\"assets.app.js\"></script>\\n\\","{{#unless isRollup}}\\n\\","utility2-comment -->\\n\\","<script src=\"assets.utility2.rollup.js\"></script>\\n\\","<script src=\"jsonp.utility2._stateInit?callback=window.utility2._stateInit\"></script>\\n\\","<script src=\"assets.npmtest_date_utils.rollup.js\"></script>\\n\\","<script src=\"assets.example.js\"></script>\\n\\","<script src=\"assets.test.js\"></script>\\n\\","<!-- utility2-comment\\n\\","{{/if isRollup}}\\n\\","utility2-comment -->\\n\\","<div class=\"utility2FooterDiv\">\\n\\","    [ this app was created with\\n\\","    <a href=\"https://github.com/kaizhu256/node-utility2\" target=\"_blank\">utility2</a>\\n\\","    ]\\n\\","</div>\\n\\","</body>\\n\\","</html>\\n\\","';","        /* jslint-ignore-end */","        if (local.templateRender) {","            local.assetsDict['/'] = local.templateRender(","                local.assetsDict['/assets.index.template.html'],","                {","                    env: local.objectSetDefault(local.env, {","                        npm_package_description: 'the greatest app in the world!',","                        npm_package_name: 'my-app',","                        npm_package_nameAlias: 'my_app',","                        npm_package_version: '0.0.1'","                    })","                }","            );","        } else {","            local.assetsDict['/'] = local.assetsDict['/assets.index.template.html']","                .replace((/\\{\\{env\\.(\\w+?)\\}\\}/g), function (match0, match1) {","                    // jslint-hack","                    String(match0);","                    switch (match1) {","                    case 'npm_package_description':","                        return 'the greatest app in the world!';","                    case 'npm_package_name':","                        return 'my-app';","                    case 'npm_package_nameAlias':","                        return 'my_app';","                    case 'npm_package_version':","                        return '0.0.1';","                    }","                });","        }","        // run the cli","        if (local.global.utility2_rollup || module !== require.main) {","            break;","        }","        local.assetsDict['/assets.example.js'] =","            local.assetsDict['/assets.example.js'] ||","            local.fs.readFileSync(__filename, 'utf8');","        // bug-workaround - long $npm_package_buildCustomOrg","        /* jslint-ignore-begin */","        local.assetsDict['/assets.npmtest_date_utils.rollup.js'] =","            local.assetsDict['/assets.npmtest_date_utils.rollup.js'] ||","            local.fs.readFileSync(","                local.npmtest_date_utils.__dirname + '/lib.npmtest_date_utils.js',","                'utf8'","            ).replace((/^#!/), '//');","        /* jslint-ignore-end */","        local.assetsDict['/favicon.ico'] = local.assetsDict['/favicon.ico'] || '';","        // if $npm_config_timeout_exit exists,","        // then exit this process after $npm_config_timeout_exit ms","        if (Number(process.env.npm_config_timeout_exit)) {","            setTimeout(process.exit, Number(process.env.npm_config_timeout_exit));","        }","        // start server","        if (local.global.utility2_serverHttp1) {","            break;","        }","        process.env.PORT = process.env.PORT || '8081';","        console.error('server starting on port ' + process.env.PORT);","        local.http.createServer(function (request, response) {","            request.urlParsed = local.url.parse(request.url);","            if (local.assetsDict[request.urlParsed.pathname] !== undefined) {","                response.end(local.assetsDict[request.urlParsed.pathname]);","                return;","            }","            response.statusCode = 404;","            response.end();","        }).listen(process.env.PORT);","        break;","    }","}());",""],"l":{"26":2,"28":2,"33":2,"35":2,"37":2,"38":2,"39":2,"44":1,"51":2,"55":2,"59":2,"61":2,"69":1,"70":2,"76":2,"79":2,"82":2,"83":2,"85":1,"89":2,"92":1,"93":1,"94":1,"96":1,"97":1,"100":1,"101":1,"103":1,"106":1,"108":2,"114":1,"116":1,"118":1,"123":1,"124":2,"125":2,"126":3,"127":3,"128":3,"129":3,"130":1,"133":3,"134":3,"139":3,"143":1,"144":3,"145":1,"149":1,"150":1,"158":1,"160":1,"161":1,"162":1,"164":1,"166":1,"258":1,"259":1,"271":1,"274":6,"275":6,"277":1,"279":2,"281":1,"283":2,"288":1,"289":1,"291":1,"296":1,"303":1,"306":1,"307":1,"310":1,"311":1,"313":1,"314":1,"315":1,"316":1,"317":1,"318":1,"319":1,"321":1,"322":1,"324":1}},"/home/travis/build/npmtest/node-npmtest-date-utils/node_modules/date-utils/lib/date-utils.js":{"path":"/home/travis/build/npmtest/node-npmtest-date-utils/node_modules/date-utils/lib/date-utils.js","s":{"1":1,"2":1,"3":1,"4":1,"5":1,"6":1,"7":1,"8":1,"9":1,"10":1,"11":1,"12":1,"13":0,"14":0,"15":0,"16":0,"17":1,"18":0,"19":0,"20":0,"21":1,"22":0,"23":0,"24":0,"25":0,"26":0,"27":0,"28":0,"29":1,"30":1,"31":0,"32":0,"33":0,"34":0,"35":0,"36":0,"37":0,"38":0,"39":0,"40":0,"41":0,"42":0,"43":0,"44":0,"45":0,"46":0,"47":0,"48":0,"49":0,"50":0,"51":0,"52":0,"53":0,"54":0,"55":0,"56":0,"57":0,"58":0,"59":0,"60":0,"61":0,"62":0,"63":0,"64":0,"65":0,"66":0,"67":0,"68":0,"69":0,"70":0,"71":0,"72":0,"73":0,"74":0,"75":0,"76":0,"77":0,"78":0,"79":0,"80":0,"81":0,"82":0,"83":0,"84":0,"85":0,"86":0,"87":0,"88":0,"89":0,"90":0,"91":0,"92":0,"93":0,"94":0,"95":0,"96":0,"97":0,"98":0,"99":0,"100":0,"101":0,"102":0,"103":0,"104":0,"105":0,"106":0,"107":0,"108":0,"109":0,"110":0,"111":0,"112":0,"113":0,"114":0,"115":0,"116":0,"117":0,"118":0,"119":0,"120":0,"121":0,"122":0,"123":0,"124":0,"125":0,"126":0,"127":0,"128":0,"129":0,"130":0,"131":0,"132":0,"133":0,"134":0,"135":0,"136":0,"137":0,"138":0,"139":0,"140":0,"141":0,"142":0,"143":0,"144":0,"145":0,"146":0,"147":0,"148":0,"149":0,"150":0,"151":0,"152":0,"153":0,"154":0,"155":0,"156":0,"157":1,"158":0,"159":0,"160":0,"161":0,"162":0,"163":0,"164":0,"165":0,"166":0,"167":0,"168":0,"169":1,"170":49,"171":49,"172":1,"173":0,"174":1,"175":0,"176":1,"177":0,"178":1,"179":0,"180":1,"181":0,"182":1,"183":0,"184":1,"185":0,"186":0,"187":1,"188":0,"189":1,"190":0,"191":1,"192":0,"193":1,"194":0,"195":1,"196":0,"197":1,"198":0,"199":1,"200":0,"201":0,"202":0,"203":0,"204":0,"205":1,"206":0,"207":1,"208":0,"209":1,"210":0,"211":1,"212":0,"213":1,"214":0,"215":1,"216":0,"217":1,"218":0,"219":1,"220":0,"221":0,"222":0,"223":1,"224":0,"225":1,"226":0,"227":1,"228":0,"229":0,"230":0,"231":1,"232":0,"233":0,"234":0,"235":0,"236":1,"237":0,"238":1,"239":0,"240":0,"241":1,"242":0,"243":1,"244":0,"245":0,"246":0,"247":0,"248":0,"249":1,"250":0,"251":0,"252":0,"253":0,"254":0,"255":1,"256":0,"257":0,"258":0,"259":0,"260":0,"261":0,"262":0,"263":0,"264":0,"265":0,"266":0,"267":0,"268":0,"269":0,"270":0,"271":0,"272":0,"273":1,"274":0,"275":1,"276":0,"277":1,"278":0,"279":1,"280":0,"281":1,"282":0,"283":1,"284":0,"285":1,"286":0,"287":1,"288":0,"289":1,"290":0,"291":0,"292":0,"293":0,"294":0,"295":0,"296":0,"297":0,"298":0,"299":0,"300":0,"301":0,"302":0,"303":0,"304":0,"305":1,"306":0,"307":1,"308":0,"309":1,"310":0,"311":1,"312":0,"313":1,"314":0,"315":1,"316":0,"317":1,"318":0,"319":1,"320":0,"321":1,"322":0,"323":0,"324":0,"325":0,"326":0,"327":0,"328":0,"329":0,"330":0,"331":0,"332":0,"333":0,"334":0,"335":1,"336":0,"337":0,"338":0,"339":0,"340":0,"341":1,"342":0,"343":1,"344":0,"345":1,"346":0,"347":1,"348":0,"349":1,"350":0,"351":1,"352":0,"353":1,"354":0,"355":0,"356":1,"357":0,"358":0,"359":1,"360":0,"361":1,"362":0,"363":1,"364":0,"365":1,"366":0,"367":1,"368":0,"369":1,"370":0,"371":1,"372":0,"373":0,"374":0,"375":0,"376":0,"377":0,"378":0,"379":0,"380":0,"381":1,"382":0,"383":1,"384":0,"385":1,"386":0,"387":1,"388":0,"389":0,"390":1,"391":0,"392":0,"393":0,"394":0,"395":1,"396":0,"397":0,"398":0,"399":0,"400":0,"401":0,"402":0,"403":0,"404":0,"405":0,"406":0,"407":0,"408":0,"409":0,"410":0,"411":0,"412":0,"413":0,"414":1,"415":0,"416":0,"417":1,"418":0,"419":0,"420":1,"421":0,"422":0,"423":0,"424":0,"425":0,"426":0,"427":0,"428":0,"429":0,"430":0,"431":0,"432":0,"433":0,"434":0,"435":0,"436":0,"437":0,"438":0,"439":0,"440":0,"441":0,"442":0,"443":0,"444":0,"445":0,"446":0,"447":0,"448":1,"449":1,"450":0,"451":0,"452":0,"453":0},"b":{"1":[0,0],"2":[0,0],"3":[0,0],"4":[0,0],"5":[0,0],"6":[0,0,0],"7":[0,0],"8":[0,0],"9":[0,0],"10":[0,0],"11":[0,0],"12":[0,0],"13":[0,0],"14":[0,0],"15":[0,0],"16":[0,0],"17":[0,0,0],"18":[0,0],"19":[0,0],"20":[0,0],"21":[0,0],"22":[0,0],"23":[0,0],"24":[0,0],"25":[0,0],"26":[0,0],"27":[0,0,0],"28":[0,0],"29":[0,0],"30":[0,0],"31":[0,0,0],"32":[0,0],"33":[0,0],"34":[0,0],"35":[0,0,0],"36":[0,0],"37":[0,0],"38":[0,0],"39":[0,0,0],"40":[0,0],"41":[0,0],"42":[0,0],"43":[0,0,0],"44":[0,0],"45":[0,0],"46":[0,0],"47":[0,0,0],"48":[0,0],"49":[0,0],"50":[0,0],"51":[0,0,0],"52":[0,0],"53":[0,0],"54":[0,0],"55":[0,0,0],"56":[0,0],"57":[0,0],"58":[0,0],"59":[0,0],"60":[0,0],"61":[0,0],"62":[0,0],"63":[0,0,0],"64":[0,0],"65":[0,0],"66":[0,0],"67":[0,0,0,0],"68":[0,0],"69":[0,0],"70":[0,0],"71":[0,0],"72":[0,0],"73":[0,0],"74":[0,0],"75":[0,0],"76":[0,0],"77":[0,0],"78":[0,0],"79":[49,0],"80":[0,0,0],"81":[0,0],"82":[0,0],"83":[0,0],"84":[0,0],"85":[0,0],"86":[0,0],"87":[0,0],"88":[0,0],"89":[0,0],"90":[0,0],"91":[0,0],"92":[0,0],"93":[0,0],"94":[0,0],"95":[0,0],"96":[0,0],"97":[0,0],"98":[0,0],"99":[0,0],"100":[0,0],"101":[0,0],"102":[0,0],"103":[0,0],"104":[0,0],"105":[0,0],"106":[0,0],"107":[0,0],"108":[0,0],"109":[0,0],"110":[0,0],"111":[0,0],"112":[0,0],"113":[0,0],"114":[0,0],"115":[0,0],"116":[0,0],"117":[0,0],"118":[0,0],"119":[0,0],"120":[0,0],"121":[0,0],"122":[0,0],"123":[0,0],"124":[0,0],"125":[0,0],"126":[0,0],"127":[0,0],"128":[0,0],"129":[0,0],"130":[1,0],"131":[1,1],"132":[0,0],"133":[0,0]},"f":{"1":1,"2":0,"3":0,"4":0,"5":0,"6":0,"7":49,"8":0,"9":0,"10":0,"11":0,"12":0,"13":0,"14":0,"15":0,"16":0,"17":0,"18":0,"19":0,"20":0,"21":0,"22":0,"23":0,"24":0,"25":0,"26":0,"27":0,"28":0,"29":0,"30":0,"31":0,"32":0,"33":0,"34":0,"35":0,"36":0,"37":0,"38":0,"39":0,"40":0,"41":0,"42":0,"43":0,"44":0,"45":0,"46":0,"47":0,"48":0,"49":0,"50":0,"51":0,"52":0,"53":0,"54":0,"55":0,"56":0,"57":0,"58":0,"59":0,"60":0,"61":0,"62":0,"63":0,"64":0,"65":0,"66":0,"67":0,"68":0,"69":0,"70":0,"71":0,"72":0,"73":0,"74":0,"75":0,"76":0,"77":0,"78":0,"79":0,"80":0,"81":0,"82":0,"83":0},"fnMap":{"1":{"name":"(anonymous_1)","line":26,"loc":{"start":{"line":26,"column":1},"end":{"line":26,"column":13}}},"2":{"name":"pad","line":159,"loc":{"start":{"line":159,"column":4},"end":{"line":159,"column":30}}},"3":{"name":"(anonymous_3)","line":167,"loc":{"start":{"line":167,"column":20},"end":{"line":167,"column":35}}},"4":{"name":"(anonymous_4)","line":173,"loc":{"start":{"line":173,"column":17},"end":{"line":173,"column":57}}},"5":{"name":"(anonymous_5)","line":200,"loc":{"start":{"line":200,"column":28},"end":{"line":200,"column":51}}},"6":{"name":"(anonymous_6)","line":379,"loc":{"start":{"line":379,"column":17},"end":{"line":379,"column":41}}},"7":{"name":"polyfill","line":401,"loc":{"start":{"line":401,"column":4},"end":{"line":401,"column":34}}},"8":{"name":"(anonymous_8)","line":415,"loc":{"start":{"line":415,"column":17},"end":{"line":415,"column":29}}},"9":{"name":"(anonymous_9)","line":427,"loc":{"start":{"line":427,"column":20},"end":{"line":427,"column":32}}},"10":{"name":"(anonymous_10)","line":439,"loc":{"start":{"line":439,"column":20},"end":{"line":439,"column":32}}},"11":{"name":"(anonymous_11)","line":451,"loc":{"start":{"line":451,"column":23},"end":{"line":451,"column":35}}},"12":{"name":"(anonymous_12)","line":463,"loc":{"start":{"line":463,"column":21},"end":{"line":463,"column":33}}},"13":{"name":"(anonymous_13)","line":475,"loc":{"start":{"line":475,"column":24},"end":{"line":475,"column":36}}},"14":{"name":"(anonymous_14)","line":489,"loc":{"start":{"line":489,"column":23},"end":{"line":489,"column":51}}},"15":{"name":"(anonymous_15)","line":504,"loc":{"start":{"line":504,"column":24},"end":{"line":504,"column":40}}},"16":{"name":"(anonymous_16)","line":516,"loc":{"start":{"line":516,"column":26},"end":{"line":516,"column":44}}},"17":{"name":"(anonymous_17)","line":528,"loc":{"start":{"line":528,"column":25},"end":{"line":528,"column":42}}},"18":{"name":"(anonymous_18)","line":540,"loc":{"start":{"line":540,"column":26},"end":{"line":540,"column":44}}},"19":{"name":"(anonymous_19)","line":552,"loc":{"start":{"line":552,"column":31},"end":{"line":552,"column":48}}},"20":{"name":"(anonymous_20)","line":564,"loc":{"start":{"line":564,"column":24},"end":{"line":564,"column":40}}},"21":{"name":"(anonymous_21)","line":577,"loc":{"start":{"line":577,"column":19},"end":{"line":577,"column":43}}},"22":{"name":"(anonymous_22)","line":595,"loc":{"start":{"line":595,"column":18},"end":{"line":595,"column":42}}},"23":{"name":"(anonymous_23)","line":608,"loc":{"start":{"line":608,"column":21},"end":{"line":608,"column":45}}},"24":{"name":"(anonymous_24)","line":620,"loc":{"start":{"line":620,"column":32},"end":{"line":620,"column":48}}},"25":{"name":"(anonymous_25)","line":632,"loc":{"start":{"line":632,"column":34},"end":{"line":632,"column":50}}},"26":{"name":"(anonymous_26)","line":644,"loc":{"start":{"line":644,"column":34},"end":{"line":644,"column":52}}},"27":{"name":"(anonymous_27)","line":656,"loc":{"start":{"line":656,"column":34},"end":{"line":656,"column":52}}},"28":{"name":"(anonymous_28)","line":668,"loc":{"start":{"line":668,"column":22},"end":{"line":668,"column":38}}},"29":{"name":"(anonymous_29)","line":681,"loc":{"start":{"line":681,"column":26},"end":{"line":681,"column":49}}},"30":{"name":"(anonymous_30)","line":695,"loc":{"start":{"line":695,"column":29},"end":{"line":695,"column":41}}},"31":{"name":"(anonymous_31)","line":706,"loc":{"start":{"line":706,"column":29},"end":{"line":706,"column":41}}},"32":{"name":"(anonymous_32)","line":717,"loc":{"start":{"line":717,"column":33},"end":{"line":717,"column":45}}},"33":{"name":"(anonymous_33)","line":730,"loc":{"start":{"line":730,"column":29},"end":{"line":730,"column":41}}},"34":{"name":"(anonymous_34)","line":746,"loc":{"start":{"line":746,"column":29},"end":{"line":746,"column":41}}},"35":{"name":"(anonymous_35)","line":762,"loc":{"start":{"line":762,"column":22},"end":{"line":762,"column":43}}},"36":{"name":"(anonymous_36)","line":776,"loc":{"start":{"line":776,"column":27},"end":{"line":776,"column":39}}},"37":{"name":"(anonymous_37)","line":789,"loc":{"start":{"line":789,"column":26},"end":{"line":789,"column":38}}},"38":{"name":"(anonymous_38)","line":805,"loc":{"start":{"line":805,"column":29},"end":{"line":805,"column":41}}},"39":{"name":"(anonymous_39)","line":823,"loc":{"start":{"line":823,"column":20},"end":{"line":823,"column":35}}},"40":{"name":"(anonymous_40)","line":860,"loc":{"start":{"line":860,"column":32},"end":{"line":860,"column":56}}},"41":{"name":"(anonymous_41)","line":873,"loc":{"start":{"line":873,"column":27},"end":{"line":873,"column":46}}},"42":{"name":"(anonymous_42)","line":886,"loc":{"start":{"line":886,"column":27},"end":{"line":886,"column":46}}},"43":{"name":"(anonymous_43)","line":899,"loc":{"start":{"line":899,"column":25},"end":{"line":899,"column":42}}},"44":{"name":"(anonymous_44)","line":912,"loc":{"start":{"line":912,"column":24},"end":{"line":912,"column":40}}},"45":{"name":"(anonymous_45)","line":925,"loc":{"start":{"line":925,"column":25},"end":{"line":925,"column":42}}},"46":{"name":"(anonymous_46)","line":938,"loc":{"start":{"line":938,"column":26},"end":{"line":938,"column":44}}},"47":{"name":"(anonymous_47)","line":951,"loc":{"start":{"line":951,"column":25},"end":{"line":951,"column":42}}},"48":{"name":"(anonymous_48)","line":964,"loc":{"start":{"line":964,"column":23},"end":{"line":964,"column":38}}},"49":{"name":"(anonymous_49)","line":998,"loc":{"start":{"line":998,"column":35},"end":{"line":998,"column":59}}},"50":{"name":"(anonymous_50)","line":1011,"loc":{"start":{"line":1011,"column":30},"end":{"line":1011,"column":49}}},"51":{"name":"(anonymous_51)","line":1024,"loc":{"start":{"line":1024,"column":30},"end":{"line":1024,"column":49}}},"52":{"name":"(anonymous_52)","line":1037,"loc":{"start":{"line":1037,"column":28},"end":{"line":1037,"column":45}}},"53":{"name":"(anonymous_53)","line":1050,"loc":{"start":{"line":1050,"column":27},"end":{"line":1050,"column":43}}},"54":{"name":"(anonymous_54)","line":1063,"loc":{"start":{"line":1063,"column":28},"end":{"line":1063,"column":45}}},"55":{"name":"(anonymous_55)","line":1076,"loc":{"start":{"line":1076,"column":29},"end":{"line":1076,"column":47}}},"56":{"name":"(anonymous_56)","line":1089,"loc":{"start":{"line":1089,"column":28},"end":{"line":1089,"column":45}}},"57":{"name":"(anonymous_57)","line":1101,"loc":{"start":{"line":1101,"column":28},"end":{"line":1101,"column":48}}},"58":{"name":"(anonymous_58)","line":1122,"loc":{"start":{"line":1122,"column":29},"end":{"line":1122,"column":41}}},"59":{"name":"(anonymous_59)","line":1136,"loc":{"start":{"line":1136,"column":22},"end":{"line":1136,"column":34}}},"60":{"name":"(anonymous_60)","line":1147,"loc":{"start":{"line":1147,"column":24},"end":{"line":1147,"column":46}}},"61":{"name":"(anonymous_61)","line":1159,"loc":{"start":{"line":1159,"column":26},"end":{"line":1159,"column":42}}},"62":{"name":"(anonymous_62)","line":1171,"loc":{"start":{"line":1171,"column":23},"end":{"line":1171,"column":39}}},"63":{"name":"(anonymous_63)","line":1183,"loc":{"start":{"line":1183,"column":26},"end":{"line":1183,"column":42}}},"64":{"name":"(anonymous_64)","line":1194,"loc":{"start":{"line":1194,"column":24},"end":{"line":1194,"column":36}}},"65":{"name":"(anonymous_65)","line":1206,"loc":{"start":{"line":1206,"column":24},"end":{"line":1206,"column":40}}},"66":{"name":"(anonymous_66)","line":1219,"loc":{"start":{"line":1219,"column":25},"end":{"line":1219,"column":41}}},"67":{"name":"(anonymous_67)","line":1231,"loc":{"start":{"line":1231,"column":26},"end":{"line":1231,"column":42}}},"68":{"name":"(anonymous_68)","line":1243,"loc":{"start":{"line":1243,"column":31},"end":{"line":1243,"column":47}}},"69":{"name":"(anonymous_69)","line":1255,"loc":{"start":{"line":1255,"column":32},"end":{"line":1255,"column":48}}},"70":{"name":"(anonymous_70)","line":1267,"loc":{"start":{"line":1267,"column":34},"end":{"line":1267,"column":50}}},"71":{"name":"(anonymous_71)","line":1279,"loc":{"start":{"line":1279,"column":34},"end":{"line":1279,"column":50}}},"72":{"name":"(anonymous_72)","line":1291,"loc":{"start":{"line":1291,"column":39},"end":{"line":1291,"column":55}}},"73":{"name":"(anonymous_73)","line":1303,"loc":{"start":{"line":1303,"column":33},"end":{"line":1303,"column":49}}},"74":{"name":"(anonymous_74)","line":1326,"loc":{"start":{"line":1326,"column":33},"end":{"line":1326,"column":45}}},"75":{"name":"(anonymous_75)","line":1338,"loc":{"start":{"line":1338,"column":25},"end":{"line":1338,"column":43}}},"76":{"name":"(anonymous_76)","line":1350,"loc":{"start":{"line":1350,"column":28},"end":{"line":1350,"column":46}}},"77":{"name":"(anonymous_77)","line":1361,"loc":{"start":{"line":1361,"column":30},"end":{"line":1361,"column":41}}},"78":{"name":"(anonymous_78)","line":1373,"loc":{"start":{"line":1373,"column":34},"end":{"line":1373,"column":45}}},"79":{"name":"(anonymous_79)","line":1382,"loc":{"start":{"line":1382,"column":19},"end":{"line":1382,"column":48}}},"80":{"name":"(anonymous_80)","line":1384,"loc":{"start":{"line":1384,"column":22},"end":{"line":1384,"column":42}}},"81":{"name":"(anonymous_81)","line":1412,"loc":{"start":{"line":1412,"column":24},"end":{"line":1412,"column":39}}},"82":{"name":"(anonymous_82)","line":1436,"loc":{"start":{"line":1436,"column":27},"end":{"line":1436,"column":42}}},"83":{"name":"(anonymous_83)","line":1465,"loc":{"start":{"line":1465,"column":19},"end":{"line":1465,"column":35}}}},"statementMap":{"1":{"start":{"line":26,"column":0},"end":{"line":1851,"column":5}},"2":{"start":{"line":29,"column":4},"end":{"line":29,"column":128}},"3":{"start":{"line":30,"column":4},"end":{"line":43,"column":6}},"4":{"start":{"line":45,"column":4},"end":{"line":58,"column":6}},"5":{"start":{"line":60,"column":4},"end":{"line":68,"column":6}},"6":{"start":{"line":70,"column":4},"end":{"line":78,"column":6}},"7":{"start":{"line":80,"column":4},"end":{"line":102,"column":6}},"8":{"start":{"line":103,"column":4},"end":{"line":103,"column":46}},"9":{"start":{"line":104,"column":4},"end":{"line":126,"column":6}},"10":{"start":{"line":128,"column":4},"end":{"line":152,"column":6}},"11":{"start":{"line":154,"column":4},"end":{"line":154,"column":73}},"12":{"start":{"line":159,"column":4},"end":{"line":165,"column":5}},"13":{"start":{"line":160,"column":8},"end":{"line":160,"column":26}},"14":{"start":{"line":161,"column":8},"end":{"line":163,"column":9}},"15":{"start":{"line":162,"column":12},"end":{"line":162,"column":28}},"16":{"start":{"line":164,"column":8},"end":{"line":164,"column":19}},"17":{"start":{"line":167,"column":4},"end":{"line":172,"column":6}},"18":{"start":{"line":168,"column":8},"end":{"line":170,"column":9}},"19":{"start":{"line":169,"column":12},"end":{"line":169,"column":24}},"20":{"start":{"line":171,"column":8},"end":{"line":171,"column":21}},"21":{"start":{"line":173,"column":4},"end":{"line":184,"column":6}},"22":{"start":{"line":174,"column":8},"end":{"line":182,"column":9}},"23":{"start":{"line":175,"column":12},"end":{"line":175,"column":48}},"24":{"start":{"line":176,"column":12},"end":{"line":178,"column":13}},"25":{"start":{"line":177,"column":16},"end":{"line":177,"column":28}},"26":{"start":{"line":179,"column":12},"end":{"line":181,"column":13}},"27":{"start":{"line":180,"column":16},"end":{"line":180,"column":29}},"28":{"start":{"line":183,"column":8},"end":{"line":183,"column":20}},"29":{"start":{"line":187,"column":4},"end":{"line":187,"column":31}},"30":{"start":{"line":200,"column":4},"end":{"line":375,"column":6}},"31":{"start":{"line":201,"column":8},"end":{"line":201,"column":23}},"32":{"start":{"line":202,"column":8},"end":{"line":202,"column":29}},"33":{"start":{"line":203,"column":8},"end":{"line":203,"column":21}},"34":{"start":{"line":204,"column":8},"end":{"line":204,"column":24}},"35":{"start":{"line":205,"column":8},"end":{"line":205,"column":19}},"36":{"start":{"line":206,"column":8},"end":{"line":206,"column":23}},"37":{"start":{"line":207,"column":8},"end":{"line":207,"column":24}},"38":{"start":{"line":208,"column":8},"end":{"line":208,"column":17}},"39":{"start":{"line":209,"column":8},"end":{"line":209,"column":29}},"40":{"start":{"line":210,"column":8},"end":{"line":210,"column":33}},"41":{"start":{"line":211,"column":8},"end":{"line":211,"column":39}},"42":{"start":{"line":212,"column":8},"end":{"line":212,"column":21}},"43":{"start":{"line":213,"column":8},"end":{"line":213,"column":19}},"44":{"start":{"line":214,"column":8},"end":{"line":214,"column":19}},"45":{"start":{"line":215,"column":8},"end":{"line":215,"column":19}},"46":{"start":{"line":216,"column":8},"end":{"line":216,"column":22}},"47":{"start":{"line":220,"column":8},"end":{"line":344,"column":9}},"48":{"start":{"line":222,"column":12},"end":{"line":222,"column":39}},"49":{"start":{"line":223,"column":12},"end":{"line":223,"column":23}},"50":{"start":{"line":224,"column":12},"end":{"line":226,"column":13}},"51":{"start":{"line":225,"column":16},"end":{"line":225,"column":50}},"52":{"start":{"line":228,"column":12},"end":{"line":343,"column":13}},"53":{"start":{"line":229,"column":16},"end":{"line":232,"column":17}},"54":{"start":{"line":230,"column":20},"end":{"line":230,"column":26}},"55":{"start":{"line":231,"column":20},"end":{"line":231,"column":26}},"56":{"start":{"line":233,"column":16},"end":{"line":236,"column":17}},"57":{"start":{"line":234,"column":20},"end":{"line":234,"column":26}},"58":{"start":{"line":235,"column":20},"end":{"line":235,"column":26}},"59":{"start":{"line":237,"column":16},"end":{"line":240,"column":17}},"60":{"start":{"line":238,"column":20},"end":{"line":238,"column":26}},"61":{"start":{"line":239,"column":20},"end":{"line":239,"column":26}},"62":{"start":{"line":241,"column":16},"end":{"line":241,"column":47}},"63":{"start":{"line":242,"column":16},"end":{"line":244,"column":17}},"64":{"start":{"line":243,"column":20},"end":{"line":243,"column":31}},"65":{"start":{"line":245,"column":16},"end":{"line":245,"column":36}},"66":{"start":{"line":246,"column":16},"end":{"line":252,"column":17}},"67":{"start":{"line":247,"column":20},"end":{"line":251,"column":21}},"68":{"start":{"line":248,"column":24},"end":{"line":248,"column":49}},"69":{"start":{"line":250,"column":24},"end":{"line":250,"column":49}},"70":{"start":{"line":253,"column":19},"end":{"line":343,"column":13}},"71":{"start":{"line":254,"column":16},"end":{"line":254,"column":26}},"72":{"start":{"line":255,"column":16},"end":{"line":267,"column":17}},"73":{"start":{"line":256,"column":20},"end":{"line":256,"column":49}},"74":{"start":{"line":257,"column":20},"end":{"line":266,"column":21}},"75":{"start":{"line":258,"column":24},"end":{"line":265,"column":25}},"76":{"start":{"line":259,"column":28},"end":{"line":259,"column":42}},"77":{"start":{"line":260,"column":28},"end":{"line":262,"column":29}},"78":{"start":{"line":261,"column":32},"end":{"line":261,"column":44}},"79":{"start":{"line":263,"column":28},"end":{"line":263,"column":53}},"80":{"start":{"line":264,"column":28},"end":{"line":264,"column":34}},"81":{"start":{"line":268,"column":16},"end":{"line":270,"column":17}},"82":{"start":{"line":269,"column":20},"end":{"line":269,"column":31}},"83":{"start":{"line":271,"column":19},"end":{"line":343,"column":13}},"84":{"start":{"line":272,"column":16},"end":{"line":278,"column":17}},"85":{"start":{"line":273,"column":20},"end":{"line":273,"column":45}},"86":{"start":{"line":274,"column":20},"end":{"line":277,"column":21}},"87":{"start":{"line":275,"column":24},"end":{"line":275,"column":47}},"88":{"start":{"line":276,"column":24},"end":{"line":276,"column":30}},"89":{"start":{"line":279,"column":19},"end":{"line":343,"column":13}},"90":{"start":{"line":280,"column":16},"end":{"line":280,"column":59}},"91":{"start":{"line":281,"column":16},"end":{"line":283,"column":17}},"92":{"start":{"line":282,"column":20},"end":{"line":282,"column":31}},"93":{"start":{"line":284,"column":16},"end":{"line":284,"column":37}},"94":{"start":{"line":285,"column":19},"end":{"line":343,"column":13}},"95":{"start":{"line":286,"column":16},"end":{"line":286,"column":58}},"96":{"start":{"line":287,"column":16},"end":{"line":289,"column":17}},"97":{"start":{"line":288,"column":20},"end":{"line":288,"column":31}},"98":{"start":{"line":290,"column":16},"end":{"line":290,"column":36}},"99":{"start":{"line":291,"column":19},"end":{"line":343,"column":13}},"100":{"start":{"line":292,"column":16},"end":{"line":292,"column":56}},"101":{"start":{"line":293,"column":16},"end":{"line":295,"column":17}},"102":{"start":{"line":294,"column":20},"end":{"line":294,"column":31}},"103":{"start":{"line":296,"column":16},"end":{"line":296,"column":34}},"104":{"start":{"line":297,"column":19},"end":{"line":343,"column":13}},"105":{"start":{"line":298,"column":16},"end":{"line":298,"column":56}},"106":{"start":{"line":299,"column":16},"end":{"line":301,"column":17}},"107":{"start":{"line":300,"column":20},"end":{"line":300,"column":31}},"108":{"start":{"line":302,"column":16},"end":{"line":302,"column":34}},"109":{"start":{"line":303,"column":19},"end":{"line":343,"column":13}},"110":{"start":{"line":304,"column":16},"end":{"line":304,"column":56}},"111":{"start":{"line":305,"column":16},"end":{"line":307,"column":17}},"112":{"start":{"line":306,"column":20},"end":{"line":306,"column":31}},"113":{"start":{"line":308,"column":16},"end":{"line":308,"column":34}},"114":{"start":{"line":309,"column":19},"end":{"line":343,"column":13}},"115":{"start":{"line":310,"column":16},"end":{"line":310,"column":56}},"116":{"start":{"line":311,"column":16},"end":{"line":313,"column":17}},"117":{"start":{"line":312,"column":20},"end":{"line":312,"column":31}},"118":{"start":{"line":314,"column":16},"end":{"line":314,"column":34}},"119":{"start":{"line":315,"column":16},"end":{"line":315,"column":21}},"120":{"start":{"line":316,"column":19},"end":{"line":343,"column":13}},"121":{"start":{"line":317,"column":16},"end":{"line":317,"column":56}},"122":{"start":{"line":318,"column":16},"end":{"line":320,"column":17}},"123":{"start":{"line":319,"column":20},"end":{"line":319,"column":31}},"124":{"start":{"line":321,"column":16},"end":{"line":321,"column":34}},"125":{"start":{"line":322,"column":19},"end":{"line":343,"column":13}},"126":{"start":{"line":323,"column":16},"end":{"line":323,"column":56}},"127":{"start":{"line":324,"column":16},"end":{"line":326,"column":17}},"128":{"start":{"line":325,"column":20},"end":{"line":325,"column":31}},"129":{"start":{"line":327,"column":16},"end":{"line":327,"column":34}},"130":{"start":{"line":328,"column":19},"end":{"line":343,"column":13}},"131":{"start":{"line":329,"column":16},"end":{"line":335,"column":17}},"132":{"start":{"line":330,"column":20},"end":{"line":330,"column":32}},"133":{"start":{"line":331,"column":23},"end":{"line":335,"column":17}},"134":{"start":{"line":332,"column":20},"end":{"line":332,"column":32}},"135":{"start":{"line":334,"column":20},"end":{"line":334,"column":31}},"136":{"start":{"line":336,"column":16},"end":{"line":336,"column":26}},"137":{"start":{"line":338,"column":16},"end":{"line":342,"column":17}},"138":{"start":{"line":339,"column":20},"end":{"line":339,"column":31}},"139":{"start":{"line":341,"column":20},"end":{"line":341,"column":41}},"140":{"start":{"line":346,"column":8},"end":{"line":348,"column":9}},"141":{"start":{"line":347,"column":12},"end":{"line":347,"column":23}},"142":{"start":{"line":350,"column":8},"end":{"line":361,"column":9}},"143":{"start":{"line":352,"column":12},"end":{"line":360,"column":13}},"144":{"start":{"line":353,"column":16},"end":{"line":355,"column":17}},"145":{"start":{"line":354,"column":20},"end":{"line":354,"column":31}},"146":{"start":{"line":357,"column":16},"end":{"line":359,"column":17}},"147":{"start":{"line":358,"column":20},"end":{"line":358,"column":31}},"148":{"start":{"line":362,"column":8},"end":{"line":366,"column":9}},"149":{"start":{"line":363,"column":12},"end":{"line":365,"column":13}},"150":{"start":{"line":364,"column":16},"end":{"line":364,"column":27}},"151":{"start":{"line":368,"column":8},"end":{"line":372,"column":9}},"152":{"start":{"line":369,"column":12},"end":{"line":369,"column":29}},"153":{"start":{"line":370,"column":15},"end":{"line":372,"column":9}},"154":{"start":{"line":371,"column":12},"end":{"line":371,"column":21}},"155":{"start":{"line":373,"column":8},"end":{"line":373,"column":66}},"156":{"start":{"line":374,"column":8},"end":{"line":374,"column":33}},"157":{"start":{"line":379,"column":4},"end":{"line":399,"column":6}},"158":{"start":{"line":380,"column":8},"end":{"line":382,"column":9}},"159":{"start":{"line":381,"column":12},"end":{"line":381,"column":51}},"160":{"start":{"line":383,"column":8},"end":{"line":383,"column":66}},"161":{"start":{"line":384,"column":8},"end":{"line":396,"column":9}},"162":{"start":{"line":385,"column":12},"end":{"line":391,"column":13}},"163":{"start":{"line":386,"column":16},"end":{"line":386,"column":63}},"164":{"start":{"line":388,"column":16},"end":{"line":390,"column":17}},"165":{"start":{"line":389,"column":20},"end":{"line":389,"column":54}},"166":{"start":{"line":393,"column":12},"end":{"line":393,"column":41}},"167":{"start":{"line":395,"column":12},"end":{"line":395,"column":143}},"168":{"start":{"line":398,"column":8},"end":{"line":398,"column":25}},"169":{"start":{"line":401,"column":4},"end":{"line":405,"column":5}},"170":{"start":{"line":402,"column":8},"end":{"line":404,"column":9}},"171":{"start":{"line":403,"column":12},"end":{"line":403,"column":40}},"172":{"start":{"line":415,"column":4},"end":{"line":417,"column":6}},"173":{"start":{"line":416,"column":8},"end":{"line":416,"column":38}},"174":{"start":{"line":427,"column":4},"end":{"line":429,"column":6}},"175":{"start":{"line":428,"column":8},"end":{"line":428,"column":41}},"176":{"start":{"line":439,"column":4},"end":{"line":441,"column":6}},"177":{"start":{"line":440,"column":8},"end":{"line":440,"column":43}},"178":{"start":{"line":451,"column":4},"end":{"line":453,"column":6}},"179":{"start":{"line":452,"column":8},"end":{"line":452,"column":46}},"180":{"start":{"line":463,"column":4},"end":{"line":465,"column":6}},"181":{"start":{"line":464,"column":8},"end":{"line":464,"column":44}},"182":{"start":{"line":475,"column":4},"end":{"line":477,"column":6}},"183":{"start":{"line":476,"column":8},"end":{"line":476,"column":47}},"184":{"start":{"line":489,"column":4},"end":{"line":494,"column":6}},"185":{"start":{"line":490,"column":8},"end":{"line":490,"column":46}},"186":{"start":{"line":491,"column":8},"end":{"line":493,"column":36}},"187":{"start":{"line":504,"column":4},"end":{"line":506,"column":6}},"188":{"start":{"line":505,"column":8},"end":{"line":505,"column":43}},"189":{"start":{"line":516,"column":4},"end":{"line":518,"column":6}},"190":{"start":{"line":517,"column":8},"end":{"line":517,"column":44}},"191":{"start":{"line":528,"column":4},"end":{"line":530,"column":6}},"192":{"start":{"line":529,"column":8},"end":{"line":529,"column":42}},"193":{"start":{"line":540,"column":4},"end":{"line":542,"column":6}},"194":{"start":{"line":541,"column":8},"end":{"line":541,"column":44}},"195":{"start":{"line":552,"column":4},"end":{"line":554,"column":6}},"196":{"start":{"line":553,"column":8},"end":{"line":553,"column":44}},"197":{"start":{"line":564,"column":4},"end":{"line":566,"column":6}},"198":{"start":{"line":565,"column":8},"end":{"line":565,"column":40}},"199":{"start":{"line":577,"column":4},"end":{"line":584,"column":6}},"200":{"start":{"line":578,"column":8},"end":{"line":582,"column":9}},"201":{"start":{"line":579,"column":12},"end":{"line":579,"column":22}},"202":{"start":{"line":580,"column":15},"end":{"line":582,"column":9}},"203":{"start":{"line":581,"column":12},"end":{"line":581,"column":21}},"204":{"start":{"line":583,"column":8},"end":{"line":583,"column":17}},"205":{"start":{"line":595,"column":4},"end":{"line":597,"column":6}},"206":{"start":{"line":596,"column":8},"en
[...]
        }","","        return weekNumber;","    });","","    var toFormat = function(format, replaceMap) {","        var f = [ format ], i, l, s;","        var replace = function (str, rep) {","            var i = 0, l = f.length, j, ll, t, n = [];","            for (; i < l; i++) {","                if (typeof f[i] == 'string') {","                    t = f[i].split(str);","                    for (j = 0, ll = t.length - 1; j < ll; j++) {","                        n.push(t[j]);","                        n.push([rep]); // replacement pushed as non-string","                    }","                    n.push(t[ll]);","                } else {","                    // must be a replacement, don't process, just push","                    n.push(f[i]);","                }","            }","            f = n;","        };","","        for (i in replaceMap) {","            replace(i, replaceMap[i]);","        }","","        s = '';","        for (i = 0, l = f.length; i < l; i++)","          s += typeof f[i] == 'string' ? f[i] : f[i][0];","        return f.join('');","    };","","    var getReplaceMap = function(date) {","        var hours = (date.getHours() % 12) ? date.getHours() % 12 : 12;","        return {","            'YYYY': date.getFullYear(),","            'YY': String(date.getFullYear()).slice(-2),","            'MMMM': monthsFull[date.getMonth()],","            'MMM': monthsAbbr[date.getMonth()],","            'MM': pad(date.getMonth() + 1, 2),","            'MI': pad(date.getMinutes(), 2),","            'M': date.getMonth() + 1,","            'DDDD': daysFull[date.getDay()],","            'DDD': daysAbbr[date.getDay()],","            'DD': pad(date.getDate(), 2),","            'D': date.getDate(),","            'HH24': pad(date.getHours(), 2),","            'HH': pad(hours, 2),","            'H': hours,","            'SS': pad(date.getSeconds(), 2),","            'PP': (date.getHours() >= 12) ? 'PM' : 'AM',","            'P': (date.getHours() >= 12) ? 'pm' : 'am',","            'LL': pad(date.getMilliseconds(), 3)","        };","    };","","    var getUTCReplaceMap = function(date) {","        var hours = (date.getUTCHours() % 12) ? date.getUTCHours() % 12 : 12;","        return {","            'YYYY': date.getUTCFullYear(),","            'YY': String(date.getUTCFullYear()).slice(-2),","            'MMMM': monthsFull[date.getUTCMonth()],","            'MMM': monthsAbbr[date.getUTCMonth()],","            'MM': pad(date.getUTCMonth() + 1, 2),","            'MI': pad(date.getUTCMinutes(), 2),","            'M': date.getUTCMonth() + 1,","            'DDDD': daysFull[date.getUTCDay()],","            'DDD': daysAbbr[date.getUTCDay()],","            'DD': pad(date.getUTCDate(), 2),","            'D': date.getUTCDate(),","            'HH24': pad(date.getUTCHours(), 2),","            'HH': pad(hours, 2),","            'H': hours,","            'SS': pad(date.getUTCSeconds(), 2),","            'PP': (date.getUTCHours() >= 12) ? 'PM' : 'AM',","            'P': (date.getUTCHours() >= 12) ? 'pm' : 'am',","            'LL': pad(date.getUTCMilliseconds(), 3)","        };","    };","","    /*","     * change the language","     * @param lang => support \"es\" Spanish, \"fr\" french, \"pt-BR\" Portuguese Brazil","     * translate => diego","     */","    var language = function (lang) {","        if (lang == \"es\") {","            monthsAbbr = [","                'Ene',","                'Feb',","                'Mar',","                'Abr',","                'May',","                'Jun',","                'Jul',","                'Ago',","                'Sep',","                'Oct',","                'Nov',","                'Dic'","            ];","","            monthsFull = [","                'Enero',","                'Febrero',","                'Marzo',","                'Abril',","                'Mayo',","                'Junio',","                'Julio',","                'Agosto',","                'Septiembre',","                'Octubre',","                'Noviembre',","                'Diciembre'","            ];","","            daysAbbr = [","                'Dom',","                'Lun',","                'Mar',","                'Mie',","                'Jue',","                'Vie',","                'Sab'","            ];","","            daysFull = [","                'Domingo',","                'Lunes',","                'Martes',","                'Miércoles',","                'Jueves',","                'Viernes',","                'Sábado'","            ];","","            dayNames = {","                'do': 0,","                'dom': 0,","                'domingo': 0,","                'lu': 1,","                'lun': 1,","                'lunes': 1,","                'ma': 2,","                'mar': 2,","                'martes': 2,","                'mi': 3,","                'mie': 3,","                'miercoles': 3,","                'ju': 4,","                'jue': 4,","                'jueves': 4,","                'vi': 5,","                'vie': 5,","                'viernes': 5,","                'sa': 6,","                'sab': 6,","                'sabado': 6","            };","            monthsAll = monthsFull.concat(monthsAbbr);","            daysAll = [","                'do',","                'dom',","                'domingo',","                'lu',","                'lun',","                'lunes',","                'ma',","                'mar',","                'martes',","                'mi',","                'mie',","                'miércoles',","                'ju',","                'jue',","                'jueves',","                'vi',","                'vie',","                'viernes',","                'sa',","                'sab',","                'sábado'","            ];","","            monthNames = {","                'ene': 0,","                'enero': 0,","                'feb': 1,","                'febrero': 1,","                'mar': 2,","                'marzo': 2,","                'abr': 3,","                'abril': 3,","                'may': 4,","                'mayo':4,","                'jun': 5,","                'junio': 5,","                'jul': 6,","                'julio': 6,","                'ago': 7,","                'agosto': 7,","                'sep': 8,","                'septiembre': 8,","                'oct': 9,","                'octubre': 9,","                'nov': 10,","                'noviembre': 10,","                'dic': 11,","                'diciembre': 11","            };","        } else if (lang == \"fr\") {","            monthsAbbr = [","                'Jan',","                'Fév',","                'Mar',","                'Avr',","                'Mai',","                'Jui',","                'Jul',","                'Aoû',","                'Sep',","                'Oct',","                'Nov',","                'Déc'","            ];","","            monthsFull = [","                'Janvier',","                'Février',","                'Mars',","                'Avril',","                'Mai',","                'Juin',","                'Juillet',","                'Août',","                'Septembre',","                'Octobre',","                'Novembre',","                'Décembre'","            ];","","            daysAbbr = [","                'Dim',","                'Lun',","                'Mar',","                'Mer',","                'Jeu',","                'Ven',","                'Sam'","            ];","","            daysFull = [","                'Dimanchi',","                'Lundi',","                'Mardi',","                'Mercredi',","                'Jeudi',","                'Vendredi',","                'Samedi'","            ];","","            dayNames = {","                'di': 0,","                'dim': 0,","                'dimanchi': 0,","                'lu': 1,","                'lun': 1,","                'lundi': 1,","                'ma': 2,","                'mar': 2,","                'mardi': 2,","                'me': 3,","                'mer': 3,","                'mercredi': 3,","                'je': 4,","                'jeu': 4,","                'jeudi': 4,","                've': 5,","                'ven': 5,","                'vendredi': 5,","                'sa': 6,","                'sam': 6,","                'samedi': 6","            };","            monthsAll = monthsFull.concat(monthsAbbr);","            daysAll = [","                'di',","                'dim',","                'dimanchi',","                'lu',","                'lun',","                'lundi',","                'ma',","                'mar',","                'mardi',","                'me',","                'mer',","                'mercredi',","                'je',","                'jeu',","                'jeudi',","                've',","                'ven',","                'vendredi',","                'sa',","                'sam',","                'samedi'","            ];","","            monthNames = {","                'jan': 0,","                'janvier': 0,","                'fév': 1,","                'février': 1,","                'mar': 2,","                'mars': 2,","                'avr': 3,","                'avril': 3,","                'mai': 4,","                'jui': 5,","                'juin': 5,","                'jul': 6,","                'juillet': 6,","                'aoû': 7,","                'août': 7,","                'sep': 8,","                'septembre': 8,","                'oct': 9,","                'octobre': 9,","                'nov': 10,","                'novembre': 10,","                'déc': 11,","                'décembre': 11","            };","        } else if (lang == \"pt-BR\") {","            monthsAbbr = [","                'Jan',","                'Fev',","                'Mar',","                'Abr',","                'Mai',","                'Jun',","                'Jul',","                'Ago',","                'Set',","                'Out',","                'Nov',","                'Dez'","            ];","","            monthsFull = [","                'Janeiro',","                'Fevereiro',","                'Março',","                'Abril',","                'Maio',","                'Junho',","                'Julho',","                'Agosto',","                'Setembro',","                'Outubro',","                'Novembro',","                'Dezembro'","            ];","","            daysAbbr = [","                'Dom',","                'Seg',","                'Ter',","                'Qua',","                'Qui',","                'Sex',","                'Sab'","            ];","","            daysFull = [","                'Domingo',","                'Segunda',","                'Terça',","                'Quarta',","                'Quinta',","                'Sexta',","                'Sábado'","            ];","","            dayNames = {","                'do': 0,","                'dom': 0,","                'domingo': 0,","                'se': 1,","                'seg': 1,","                'segunda': 1,","                'te': 2,","                'ter': 2,","                'terca': 2,","                'qa': 3,","                'qua': 3,","                'quarta': 3,","                'qi': 4,","                'qui': 4,","                'quinta': 4,","                'se': 5,","                'sex': 5,","                'sexta': 5,","                'sa': 6,","                'sab': 6,","                'sabado': 6","            };","            monthsAll = monthsFull.concat(monthsAbbr);","            daysAll = [","                'do',","                'dom',","                'domingo',","                'se',","                'seg',","                'segunda',","                'te',","                'ter',","                'terça',","                'qa',","                'qua',","                'quarta',","                'qi',","                'qui',","                'quinta',","                'se',","                'sex',","                'sexta',","                'sa',","                'sab',","                'sábado'","            ];","","            monthNames = {","                'jan': 0,","                'janeiro': 0,","                'fev': 1,","                'fevereiro': 1,","                'mar': 2,","                'março': 2,","                'abr': 3,","                'abril': 3,","                'mai': 4,","                'jun': 5,","                'junho': 5,","                'jul': 6,","                'julho': 6,","                'ago': 7,","                'agosto': 7,","                'set': 8,","                'setembro': 8,","                'out': 9,","                'outubro': 9,","                'nov': 10,","                'novembro': 10,","                'dez': 11,","                'dezembro': 11","            };","        }","    };","","    // Are we being imported?..","    if (typeof module !== \"undefined\" && typeof module.exports === \"object\") {","        module.exports.language = language;","    } else if (typeof exports === \"object\") {","        exports.language = language;","    } else if (typeof Date.language === \"undefined\"){","        // ...if not and if no language, then add statically to Date (for browsers.)","        Date.language = language;","    }","}());",""],"l":{"26":1,"29":1,"30":1,"45":1,"60":1,"70":1,"80":1,"103":1,"104":1,"128":1,"154":1,"159":1,"160":0,"161":0,"162":0,"164":0,"167":1,"168":0,"169":0,"171":0,"173":1,"174":0,"175":0,"176":0,"177":0,"179":0,"180":0,"183":0,"187":1,"200":1,"201":0,"202":0,"203":0,"204":0,"205":0,"206":0,"207":0,"208":0,"209":0,"210":0,"211":0,"212":0,"213":0,"214":0,"215":0,"216":0,"220":0,"222":0,"223":0,"224":0,"225":0,"228":0,"229":0,"230":0,"231":0,"233":0,"234":0,"235":0,"237":0,"238":0,"239":0,"241":0,"242":0,"243":0,"245":0,"246":0,"247":0,"248":0,"250":0,"253":0,"254":0,"255":0,"256":0,"257":0,"258":0,"259":0,"260":0,"261":0,"263":0,"264":0,"268":0,"269":0,"271":0,"272":0,"273":0,"274":0,"275":0,"276":0,"279":0,"280":0,"281":0,"282":0,"284":0,"285":0,"286":0,"287":0,"288":0,"290":0,"291":0,"292":0,"293":0,"294":0,"296":0,"297":0,"298":0,"299":0,"300":0,"302":0,"303":0,"304":0,"305":0,"306":0,"308":0,"309":0,"310":0,"311":0,"312":0,"314":0,"315":0,"316":0,"317":0,"318":0,"319":0,"321":0,"322":0,"323":0,"324":0,"325":0,"327":0,"328":0,"329":0,"330":0,"331":0,"332":0,"334":0,"336":0,"338":0,"339":0,"341":0,"346":0,"347":0,"350":0,"352":0,"353":0,"354":0,"357":0,"358":0,"362":0,"363":0,"364":0,"368":0,"369":0,"370":0,"371":0,"373":0,"374":0,"379":1,"380":0,"381":0,"383":0,"384":0,"385":0,"386":0,"388":0,"389":0,"393":0,"395":0,"398":0,"401":1,"402":49,"403":49,"415":1,"416":0,"427":1,"428":0,"439":1,"440":0,"451":1,"452":0,"463":1,"464":0,"475":1,"476":0,"489":1,"490":0,"491":0,"504":1,"505":0,"516":1,"517":0,"528":1,"529":0,"540":1,"541":0,"552":1,"553":0,"564":1,"565":0,"577":1,"578":0,"579":0,"580":0,"581":0,"583":0,"595":1,"596":0,"608":1,"609":0,"620":1,"621":0,"632":1,"633":0,"644":1,"645":0,"656":1,"657":0,"668":1,"669":0,"681":1,"682":0,"683":0,"685":0,"695":1,"696":0,"706":1,"707":0,"717":1,"718":0,"719":0,"720":0,"730":1,"731":0,"732":0,"733":0,"735":0,"746":1,"747":0,"762":1,"763":0,"764":0,"776":1,"777":0,"789":1,"790":0,"791":0,"792":0,"793":0,"795":0,"805":1,"806":0,"807":0,"808":0,"809":0,"811":0,"823":1,"824":0,"825":0,"827":0,"828":0,"830":0,"831":0,"833":0,"834":0,"836":0,"837":0,"839":0,"840":0,"842":0,"843":0,"845":0,"846":0,"848":0,"860":1,"861":0,"873":1,"874":0,"886":1,"887":0,"899":1,"900":0,"912":1,"913":0,"925":1,"926":0,"938":1,"939":0,"951":1,"952":0,"964":1,"965":0,"966":0,"968":0,"969":0,"971":0,"972":0,"974":0,"975":0,"977":0,"978":0,"980":0,"981":0,"983":0,"984":0,"986":0,"998":1,"999":0,"1011":1,"1012":0,"1024":1,"1025":0,"1037":1,"1038":0,"1050":1,"1051":0,"1063":1,"1064":0,"1076":1,"1077":0,"1089":1,"1090":0,"1101":1,"1102":0,"1103":0,"1104":0,"1105":0,"1106":0,"1107":0,"1108":0,"1110":0,"1111":0,"1113":0,"1122":1,"1123":0,"1124":0,"1125":0,"1126":0,"1127":0,"1136":1,"1137":0,"1147":1,"1148":0,"1159":1,"1160":0,"1171":1,"1172":0,"1183":1,"1184":0,"1194":1,"1195":0,"1206":1,"1207":0,"1208":0,"1219":1,"1220":0,"1221":0,"1231":1,"1232":0,"1243":1,"1244":0,"1255":1,"1256":0,"1267":1,"1268":0,"1279":1,"1280":0,"1291":1,"1292":0,"1303":1,"1304":0,"1305":0,"1306":0,"1308":0,"1309":0,"1310":0,"1311":0,"1314":0,"1316":0,"1326":1,"1327":0,"1338":1,"1339":0,"1350":1,"1351":0,"1361":1,"1362":0,"1363":0,"1373":1,"1374":0,"1375":0,"1376":0,"1379":0,"1382":1,"1383":0,"1384":0,"1385":0,"1386":0,"1387":0,"1388":0,"1389":0,"1390":0,"1391":0,"1393":0,"1396":0,"1399":0,"1402":0,"1403":0,"1406":0,"1407":0,"1408":0,"1409":0,"1412":1,"1413":0,"1414":0,"1436":1,"1437":0,"1438":0,"1465":1,"1466":0,"1467":0,"1482":0,"1497":0,"1507":0,"1517":0,"1540":0,"1541":0,"1565":0,"1591":0,"1592":0,"1607":0,"1622":0,"1632":0,"1642":0,"1665":0,"1666":0,"1690":0,"1715":0,"1716":0,"1731":0,"1746":0,"1756":0,"1766":0,"1789":0,"1790":0,"1814":0,"1843":1,"1844":1,"1845":0,"1846":0,"1847":0,"1849":0}},"/home/travis/build/npmtest/node-npmtest-date-utils/node_modules/date-utils/gulpfile.js":{"path":"/home/travis/build/npmtest/node-npmtest-date-utils/node_modules/date-utils/gulpfile.js","s":{"1":2,"2":0,"3":0,"4":0,"5":0,"6":0,"7":0,"8":0,"9":0,"10":0,"11":0,"12":0,"13":0,"14":0},"b":{},"f":{"1":0,"2":0,"3":0},"fnMap":{"1":{"name":"(anonymous_1)","line":13,"loc":{"start":{"line":13,"column":19},"end":{"line":13,"column":30}}},"2":{"name":"(anonymous_2)","line":24,"loc":{"start":{"line":24,"column":24},"end":{"line":24,"column":35}}},"3":{"name":"(anonymous_3)","line":29,"loc":{"start":{"line":29,"column":19},"end":{"line":29,"column":30}}}},"statementMap":{"1":{"start":{"line":1,"column":0},"end":{"line":1,"column":27}},"2":{"start":{"line":2,"column":0},"end":{"line":2,"column":36}},"3":{"start":{"line":3,"column":0},"end":{"line":3,"column":36}},"4":{"start":{"line":4,"column":0},"end":{"line":4,"column":34}},"5":{"start":{"line":5,"column":0},"end":{"line":5,"column":44}},"6":{"start":{"line":9,"column":0},"end":{"line":11,"column":2}},"7":{"start":{"line":13,"column":0},"end":{"line":18,"column":3}},"8":{"start":{"line":14,"column":4},"end":{"line":17,"column":31}},"9":{"start":{"line":20,"column":0},"end":{"line":22,"column":4}},"10":{"start":{"line":24,"column":0},"end":{"line":27,"column":3}},"11":{"start":{"line":25,"column":4},"end":{"line":26,"column":27}},"12":{"start":{"line":29,"column":0},"end":{"line":31,"column":3}},"13":{"start":{"line":30,"column":4},"end":{"line":30,"column":63}},"14":{"start":{"line":33,"column":0},"end":{"line":33,"column":63}}},"branchMap":{},"code":["var gulp = require('gulp');","var rename = require('gulp-rename');","var uglify = require('gulp-uglify');","var shell = require('gulp-shell');","var complexity = require('gulp-complexity');","","","","var paths = {","    scripts: ['lib/date-utils.js']","};","","gulp.task('build', function() {","    return gulp.src(paths.scripts).","        pipe(uglify()).","        pipe(rename('date-utils.min.js')).","        pipe(gulp.dest('lib'));","});","","gulp.task('docs', shell.task([","  './node_modules/jsdoc/jsdoc.js -c jsdoc.json -d doc -t ./node_modules/ink-docstrap/template README.md lib/date-utils.js'","]));","","gulp.task('complexity', function() {","    return gulp.src(paths.scripts).","        pipe(complexity());","});","","gulp.task('watch', function() {","    gulp.watch(paths.scripts, ['build', 'docs', 'complexity']);","});","","gulp.task('default', ['build', 'docs', 'complexity', 'watch']);",""],"l":{"1":2,"2":0,"3":0,"4":0,"5":0,"9":0,"13":0,"14":0,"20":0,"24":0,"25":0,"29":0,"30":0,"33":0}}}